#
# A fatal error has been detected by the Java Runtime Environment:
#
#  EXCEPTION_ACCESS_VIOLATION (0xc0000005) at pc=0x00007ffcf8282c62, pid=10460, tid=3720
#
# JRE version: Java(TM) SE Runtime Environment (18.0.2+9) (build 18.0.2+9-61)
# Java VM: Java HotSpot(TM) 64-Bit Server VM (18.0.2+9-61, mixed mode, sharing, tiered, compressed oops, compressed class ptrs, g1 gc, windows-amd64)
# Problematic frame:
# C  [ntdll.dll+0x32c62]
#
# No core dump will be written. Minidumps are not enabled by default on client versions of Windows
#
# If you would like to submit a bug report, please visit:
#   https://bugreport.java.com/bugreport/crash.jsp
# The crash happened outside the Java Virtual Machine in native code.
# See problematic frame for where to report the bug.
#

---------------  S U M M A R Y ------------

Command Line: -Dfile.encoding=UTF-8 -XX:+ShowCodeDetailsInExceptionMessages com.gcstudios.main.Game

Host: Intel(R) Core(TM) i5-2400 CPU @ 3.10GHz, 4 cores, 15G,  Windows 10 , 64 bit Build 19041 (10.0.19041.1889)
Time: Sat Sep 17 18:46:40 2022 Hora oficial do Brasil elapsed time: 2.237596 seconds (0d 0h 0m 2s)

---------------  T H R E A D  ---------------

Current thread (0x000002e5c491a950):  JavaThread "Thread-0" [_thread_in_native, id=3720, stack(0x000000fc9fc20000,0x000000fc9fd20000)]

Stack: [0x000000fc9fc20000,0x000000fc9fd20000],  sp=0x000000fc9fd1dba0,  free space=1014k
Native frames: (J=compiled Java code, j=interpreted, Vv=VM code, C=native code)
C  [ntdll.dll+0x32c62]
C  [ntdll.dll+0x513bc]
C  [ntdll.dll+0xa0e8e]
C  [ntdll.dll+0x63466]
C  [ntdll.dll+0x2fcb4]
C  [ntdll.dll+0x2fae2]
C  0x00007ffcebaafe5c

Java frames: (J=compiled Java code, j=interpreted, Vv=VM code)
j  sun.java2d.d3d.D3DSurfaceData.initOps(III)V+0 java.desktop@18.0.2
j  sun.java2d.d3d.D3DSurfaceData.<init>(Lsun/awt/windows/WComponentPeer;Lsun/java2d/d3d/D3DGraphicsConfig;IILjava/awt/Image;Ljava/awt/image/ColorModel;IILsun/java2d/pipe/hw/ExtendedBufferCapabilities$VSyncType;I)V+212 java.desktop@18.0.2
j  sun.java2d.d3d.D3DSurfaceData.createData(Lsun/awt/windows/WComponentPeer;Ljava/awt/Image;)Lsun/java2d/d3d/D3DSurfaceData;+117 java.desktop@18.0.2
j  sun.java2d.d3d.D3DVolatileSurfaceManager.initAcceleratedSurface()Lsun/java2d/SurfaceData;+68 java.desktop@18.0.2
j  sun.java2d.d3d.D3DVolatileSurfaceManager.restoreAcceleratedSurface()V+49 java.desktop@18.0.2
j  sun.awt.image.VolatileSurfaceManager.validate(Ljava/awt/GraphicsConfiguration;)I+94 java.desktop@18.0.2
j  sun.awt.image.SunVolatileImage.validate(Ljava/awt/GraphicsConfiguration;)I+5 java.desktop@18.0.2
j  java.awt.Component$FlipBufferStrategy.revalidate()V+85 java.desktop@18.0.2
j  java.awt.Component$FlipBufferStrategy.getDrawGraphics()Ljava/awt/Graphics;+1 java.desktop@18.0.2
J 860% c2 com.gcstudios.main.Game.run()V (140 bytes) @ 0x000002e5ac644a8c [0x000002e5ac644340+0x000000000000074c]
j  java.lang.Thread.run()V+11 java.base@18.0.2
v  ~StubRoutines::call_stub

siginfo: EXCEPTION_ACCESS_VIOLATION (0xc0000005), reading address 0x00007ffcebc691d4


Register to memory mapping:

RIP=0x00007ffcf8282c62 ntdll.dll
RAX=0x0000000000003075 is an unknown value
RBX=0x000000000000fe5c is an unknown value
RCX=0x000000000000c1e0 is an unknown value
RDX=0x0000000000001028 is an unknown value
RSP=0x000000fc9fd1dba0 is pointing into the stack for thread: 0x000002e5c491a950
RBP=0x000000fc9fd1e130 is pointing into the stack for thread: 0x000002e5c491a950
RSI=0x0 is NULL
RDI=0x00007ffcebc5d000 is an unknown value
R8 =0x00007ffcebaa0000 is an unknown value
R9 =0x000000000000000e is an unknown value
R10=0x00007ffcf83d1510 ntdll.dll
R11=0x0000000000000011 is an unknown value
R12=0x0 is NULL
R13=0x00007ffcf83c38f0 ntdll.dll
R14=0x000000fc9fd1e1d0 is pointing into the stack for thread: 0x000002e5c491a950
R15=0x000000fc9fd1e148 is pointing into the stack for thread: 0x000002e5c491a950


Registers:
RAX=0x0000000000003075, RBX=0x000000000000fe5c, RCX=0x000000000000c1e0, RDX=0x0000000000001028
RSP=0x000000fc9fd1dba0, RBP=0x000000fc9fd1e130, RSI=0x0000000000000000, RDI=0x00007ffcebc5d000
R8 =0x00007ffcebaa0000, R9 =0x000000000000000e, R10=0x00007ffcf83d1510, R11=0x0000000000000011
R12=0x0000000000000000, R13=0x00007ffcf83c38f0, R14=0x000000fc9fd1e1d0, R15=0x000000fc9fd1e148
RIP=0x00007ffcf8282c62, EFLAGS=0x0000000000010206

Top of Stack: (sp=0x000000fc9fd1dba0)
0x000000fc9fd1dba0:   0000000000000000 000000fc00000000
0x000000fc9fd1dbb0:   000000fc9fd1dbc0 000000fc9fd1dbc8
0x000000fc9fd1dbc0:   00007ffcebc5d000 00007ffcebaa0000
0x000000fc9fd1dbd0:   0000c1e0001cf000 0000000000000000
0x000000fc9fd1dbe0:   00007ffcebaafe5c 00007ffcf82a13bc
0x000000fc9fd1dbf0:   000000fc9fd1e7f0 0000000000000000
0x000000fc9fd1dc00:   0000000000000000 000000fc9fd1dc30
0x000000fc9fd1dc10:   000000fc9fd1dc30 000000fc9fd1e150
0x000000fc9fd1dc20:   000000fc9fd1e140 0000000000000000
0x000000fc9fd1dc30:   0000000000000048 000002e5c027e080
0x000000fc9fd1dc40:   00000008bfda3ba0 000002e5c0273490
0x000000fc9fd1dc50:   000000fcc0273378 000002e5bff3a918
0x000000fc9fd1dc60:   00001fa20010000f 00000007bfe10033
0x000000fc9fd1dc70:   00010213002b20e0 00000000c0179768
0x000000fc9fd1dc80:   000000fcc02920e0 000000fcc0077fe8
0x000000fc9fd1dc90:   00000007bfc20320 00000000c0193448 

Instructions: (pc=0x00007ffcf8282c62)
0x00007ffcf8282b62:   41 83 f8 e7 73 09 48 83 c1 18 48 3b cb 72 c3 b8
0x00007ffcf8282b72:   7b 00 00 c0 89 44 24 20 4c 8b 54 24 28 eb 15 b8
0x00007ffcf8282b82:   7b 00 00 c0 eb cc b8 7b 00 00 c0 89 44 24 20 4c
0x00007ffcf8282b92:   8b 54 24 28 eb 13 b8 7b 00 00 c0 89 44 24 20 4c
0x00007ffcf8282ba2:   8b 4c 24 68 4c 8b 54 24 28 85 c0 78 03 4d 89 11
0x00007ffcf8282bb2:   48 83 c4 40 5b c3 cc b1 01 48 83 fb 40 0f 83 5b
0x00007ffcf8282bc2:   ff ff ff b8 7b 00 00 c0 eb e6 cc cc cc cc cc cc
0x00007ffcf8282bd2:   cc cc cc cc cc cc cc cc cc cc cc cc cc cc 48 89
0x00007ffcf8282be2:   5c 24 18 4c 89 74 24 20 41 57 48 83 ec 40 4d 8b
0x00007ffcf8282bf2:   f0 4c 8b fa 48 8b d9 4d 85 c0 0f 85 3c 01 00 00
0x00007ffcf8282c02:   48 8b 0d 0f e9 14 00 48 89 74 24 50 48 89 7c 24
0x00007ffcf8282c12:   58 48 3b d9 0f 83 ec 00 00 00 48 8d 54 24 20 48
0x00007ffcf8282c22:   8b cb e8 17 03 00 00 48 8b f8 48 85 ff 0f 84 da
0x00007ffcf8282c32:   02 00 00 8b 4c 24 34 48 b8 ab aa aa aa aa aa aa
0x00007ffcf8282c42:   aa 4c 8b 44 24 28 33 f6 48 f7 e1 4d 89 07 48 c1
0x00007ffcf8282c52:   ea 03 85 d2 74 73 8d 42 ff 49 2b d8 48 8d 04 40
0x00007ffcf8282c62:   44 8b 1c 87 4c 8d 14 87 49 3b db 73 48 44 8d 42
0x00007ffcf8282c72:   fe 44 8b ce 45 85 c0 78 3c 0f 1f 44 00 00 43 8d
0x00007ffcf8282c82:   04 08 d1 f8 48 63 c8 48 8d 14 49 4c 8d 14 97 8b
0x00007ffcf8282c92:   14 97 48 3b da 72 12 41 8b 4a 0c 44 8b da 48 3b
0x00007ffcf8282ca2:   d9 72 12 44 8d 48 01 eb 04 44 8d 40 ff 44 8b da
0x00007ffcf8282cb2:   45 3b c1 7d c9 41 8b c3 48 3b d8 72 0c 41 8b 42
0x00007ffcf8282cc2:   04 48 3b d8 73 03 49 8b f2 48 8b 7c 24 58 48 85
0x00007ffcf8282cd2:   f6 74 19 4d 85 f6 0f 85 ea 00 00 00 48 85 f6 74
0x00007ffcf8282ce2:   0b 8b 46 08 a8 01 0f 85 34 02 00 00 48 8b c6 48
0x00007ffcf8282cf2:   8b 74 24 50 48 8b 5c 24 60 4c 8b 74 24 68 48 83
0x00007ffcf8282d02:   c4 40 41 5f c3 cc 8b 05 12 e8 14 00 48 03 c1 48
0x00007ffcf8282d12:   3b d8 0f 83 02 ff ff ff 0f 28 0d ef e7 14 00 f2
0x00007ffcf8282d22:   0f 10 05 f7 e7 14 00 66 48 0f 7e cf 0f 11 4c 24
0x00007ffcf8282d32:   20 f2 0f 11 44 24 30 e9 ee fe ff ff 41 80 78 07
0x00007ffcf8282d42:   00 4c 8d 1d d6 e6 14 00 0f 85 6b 01 00 00 41 80
0x00007ffcf8282d52:   78 06 00 0f 84 a7 fe ff ff 48 3b 1d c6 e6 14 00 


Stack slot to memory mapping:
stack at sp + 0 slots: 0x0 is NULL
stack at sp + 1 slots: 0x000000fc00000000 is an unknown value
stack at sp + 2 slots: 0x000000fc9fd1dbc0 is pointing into the stack for thread: 0x000002e5c491a950
stack at sp + 3 slots: 0x000000fc9fd1dbc8 is pointing into the stack for thread: 0x000002e5c491a950
stack at sp + 4 slots: 0x00007ffcebc5d000 is an unknown value
stack at sp + 5 slots: 0x00007ffcebaa0000 is an unknown value
stack at sp + 6 slots: 0x0000c1e0001cf000 is an unknown value
stack at sp + 7 slots: 0x0 is NULL


Compiled method (c2)    2299  860 %     4       com.gcstudios.main.Game::run @ 34 (140 bytes)
 total in heap  [0x000002e5ac644010,0x000002e5ac645ab8] = 6824
 relocation     [0x000002e5ac644168,0x000002e5ac644308] = 416
 constants      [0x000002e5ac644320,0x000002e5ac644340] = 32
 main code      [0x000002e5ac644340,0x000002e5ac644e60] = 2848
 stub code      [0x000002e5ac644e60,0x000002e5ac644f88] = 296
 oops           [0x000002e5ac644f88,0x000002e5ac644f90] = 8
 metadata       [0x000002e5ac644f90,0x000002e5ac6450a8] = 280
 scopes data    [0x000002e5ac6450a8,0x000002e5ac645450] = 936
 scopes pcs     [0x000002e5ac645450,0x000002e5ac645790] = 832
 dependencies   [0x000002e5ac645790,0x000002e5ac6457e0] = 80
 handler table  [0x000002e5ac6457e0,0x000002e5ac645a98] = 696
 nul chk table  [0x000002e5ac645a98,0x000002e5ac645ab8] = 32


[Constant Pool]
             Address          hex4                    hex8      
  0x000002e5ac644320:   0x00000000      0x3ff0000000000000      
  0x000002e5ac644324:   0x3ff00000                              
  0x000002e5ac644328:   0x00000000      0x408f400000000000      
  0x000002e5ac64432c:   0x408f4000                              
  0x000002e5ac644330:   0xf4f4f4f4      0xf4f4f4f4f4f4f4f4      
  0x000002e5ac644334:   0xf4f4f4f4                              
  0x000002e5ac644338:   0xf4f4f4f4      0xf4f4f4f4f4f4f4f4      
  0x000002e5ac64433c:   0xf4f4f4f4                              

[MachCode]
[Verified Entry Point]
  # {method} {0x000002e5c00018d0} 'run' '()V' in 'com/gcstudios/main/Game'
  0x000002e5ac644340: ;   {no_reloc}
  0x000002e5ac644340: cc66 6666 | 0f1f 8400 | 0000 0000 | 6666 6690 | 8984 2400 | 90ff ff55 | 4881 ec80 | 0000 0048 
  0x000002e5ac644360: 8b7a 6848 | 8b72 58c5 | fb10 4210 | c5fb 1144 | 2440 c5fb | 1042 38c5 | fb11 4424 | 30c5 fb10 
  0x000002e5ac644380: 4228 c5fb | 1144 2420 | 8b5a 2048 | 8bca 49ba | 508c 0dc8 | fc7f 0000 | 41ff d248 | 85ff 0f84 
  0x000002e5ac6443a0: 3908 0000 | 448b 5708 

  0x000002e5ac6443a8: ;   {metadata('com/gcstudios/main/Game')}
  0x000002e5ac6443a8: 4181 fa00 | 10c0 000f | 856b 0900 

  0x000002e5ac6443b4: ;   {oop([B{0x0000000710807eb0})}
  0x000002e5ac6443b4: 0049 bab0 | 7e80 1007 

  0x000002e5ac6443bc: ;   {oop([B{0x0000000710807eb0})}
  0x000002e5ac6443bc: 0000 0049 | bbb0 7e80 | 1007 0000 | 0049 83c3 | 1089 5c24 | 5048 897c | 2448 4c89 | 5c24 68e9 
  0x000002e5ac6443dc: a302 0000 | c5fb 1044 | 2440 448b | 4c24 50e9 | 5902 0000 | 41ba 1000 | 0000 4489 | 5424 2ceb 
  0x000002e5ac6443fc: 4566 6690 

  0x000002e5ac644400: ;   {oop([I{0x000000071080d2f8})}
  0x000002e5ac644400: 41ff c149 | baf8 d280 | 1007 0000 | 0047 8b54 | 8a10 448b | 4424 2845 | 3bc2 7fe4 | 448b 5424 
  0x000002e5ac644420: 50b9 0100 | 0000 4533 | db45 85d2 | 410f 4dcb | 448b d145 | 03d1 458b | da41 83c3 | 0644 895c 
  0x000002e5ac644440: ;   {oop(a 'java/lang/Class'{0x0000000710801598} = 'java/lang/System')}
  0x000002e5ac644440: 242c 49ba | 9815 8010 | 0700 0000 | 458b 5a74 | 4489 5c24 | 5444 8b54 | 242c 4585 | d20f 8c4f 
  0x000002e5ac644460: 0800 0041 | 81fa 0000 | 1000 0f87 | 3808 0000 | 4c63 5424 | 2c44 8b5c | 242c 4181 | fb00 0010 
  0x000002e5ac644480: 000f 8781 | 0700 004d | 8b87 f000 | 0000 4983 | c217 4983 | e2f8 4d8b | d84d 03da | 4d3b 9f00 
  0x000002e5ac6444a0: 0100 000f | 835f 0700 | 004d 899f | f000 0000 | 410f 1883 | 0001 0000 | 49c7 0001 | 0000 0041 
  0x000002e5ac6444c0: 0f18 8340 

  0x000002e5ac6444c4: ;   {metadata({type array byte})}
  0x000002e5ac6444c4: 0100 0041 | c740 08a8 | 1e00 0044 | 8b4c 242c | 4589 480c | 410f 1883 | 8001 0000 | 4c89 4424 
  0x000002e5ac6444e4: 5841 c640 | 1046 41c6 | 4011 5041 | c640 1253 | 41c6 4013 | 3a41 c640 | 1420 448b | 5c24 5041 
  0x000002e5ac644504: 81fb 0000 | 0080 7412 | 4585 db7d | 0841 bb2d | 0000 00eb | 3b45 33db | eb36 498b | d048 83c2 
  0x000002e5ac644524: 1548 8b4c | 2468 41b8 | 0b00 0000 | 49ba a012 | b6a4 e502 | 0000 41ff | d2e9 7300 | 0000 448b 
  0x000002e5ac644544: 4c24 2c41 | ffc9 4489 | 4c24 2c44 | 8944 2428 | 4c63 5424 | 288b 4c24 | 28c1 f91f | 4d69 d267 
  0x000002e5ac644564: 6666 6649 | c1fa 2245 | 8bd2 458b | c244 2bc1 | 458b c841 | c1e1 0341 | 8bd8 d1e3 | 4103 d98b 
  0x000002e5ac644584: 7c24 282b | fb83 c730 | 4c8b 4c24 | 588b 5c24 | 2c41 887c | 190f 443b | d175 a345 | 85db 7411 
  0x000002e5ac6445a4: 448b 5424 | 2c41 83c2 | fe4d 8bc1 | 4788 5c10 | 104d 8b9f | f000 0000 | 4d8b d349 | 83c2 184d 
  0x000002e5ac6445c4: 3b97 0001 | 0000 0f83 | 1406 0000 | 4d89 97f0 | 0000 0041 | 0f18 8200 | 0100 0049 | c703 0100 
  0x000002e5ac6445e4: ;   {metadata('java/lang/String')}
  0x000002e5ac6445e4: 0000 41c7 | 4308 3886 | 0000 4589 | 630c 4d89 | 6310 4c8b | 5424 5849 | c1ea 0345 | 8953 1444 
  0x000002e5ac644604: 8b44 2454 | 4585 c00f | 8487 0600 | 0049 8bd3 

  0x000002e5ac644614: ;   {oop([B{0x0000000710807eb0})}
  0x000002e5ac644614: 48bd b07e | 8010 0700 

  0x000002e5ac64461c: ;   {static_call}
  0x000002e5ac64461c: 0000 90e8 

  0x000002e5ac644620: ; ImmutableOopMap {rbp=Oop [72]=Oop [84]=NarrowOop [104]=Derived_oop_rbp }
                      ;*invokestatic valueOf {reexecute=0 rethrow=0 return_oop=1}
                      ; - java.io.PrintStream::println@11 (line 1041)
                      ; - com.gcstudios.main.Game::run@114 (line 162)
  0x000002e5ac644620: 5c8d 53f8 | 448b 5424 | 544b 8d14 | d44c 8bc0 

  0x000002e5ac644630: ;   {optimized virtual_call}
  0x000002e5ac644630: 6666 90e8 

  0x000002e5ac644634: ; ImmutableOopMap {rbp=Oop [72]=Oop [104]=Derived_oop_rbp }
                      ;*invokevirtual writeln {reexecute=0 rethrow=0 return_oop=0}
                      ; - java.io.PrintStream::println@14 (line 1041)
                      ; - com.gcstudios.main.Game::run@114 (line 162)
  0x000002e5ac644634: 4887 53f8 | c5fb 1044 

  0x000002e5ac64463c: ;   {section_word}
  0x000002e5ac64463c: 2440 c5fb | 5805 e2fc | ffff 4533 | c94c 8b5c | 2448 450f | b693 cc00 | 0000 4489 | 4c24 504d 
  0x000002e5ac64465c: 8b9f 4003 

  0x000002e5ac644660: ;   {oop([B{0x0000000710807eb0})}
  0x000002e5ac644660: 0000 49b8 | b07e 8010 

  0x000002e5ac644668: ; ImmutableOopMap {r8=Oop [72]=Oop [104]=Derived_oop_r8 }
                      ;*ifne {reexecute=1 rethrow=0 return_oop=0}
                      ; - (reexecute) com.gcstudios.main.Game::run@132 (line 150)
  0x000002e5ac644668: 0700 0000 

  0x000002e5ac64466c: ;   {poll}
  0x000002e5ac64466c: 4185 0345 | 85d2 0f84 | 2e05 0000 | c5fb 1144 | 2440 488b | 7424 3849 | ba20 4b6b | c8fc 7f00 
  0x000002e5ac64468c: 0041 ffd2 | 4889 4424 | 384c 8bd0 | 4c2b d6c4 | c1fb 2ac2 | c5fb 5e44 | 2430 c5fb | 104c 2420 
  0x000002e5ac6446ac: c5f3 58c0 | c5fb 1144 

  0x000002e5ac6446b4: ;   {section_word}
  0x000002e5ac6446b4: 2420 c5f9 | 2e05 62fc | ffff 0f82 | 8d04 0000 | 4c8b 5424 | 484d 85d2 | 0f84 9605 

  0x000002e5ac6446d0: ;   {oop(a 'java/lang/Class'{0x0000000710911258} = 'com/gcstudios/main/Game')}
  0x000002e5ac6446d0: 0000 49ba | 5812 9110 | 0700 0000 | 458b 5a78 | 498b d348 

  0x000002e5ac6446e4: ;   {oop([B{0x0000000710807eb0})}
  0x000002e5ac6446e4: c1e2 0348 | bdb0 7e80 | 1007 0000 | 0048 b8e8 | e10c 0008 

  0x000002e5ac6446f8: ;   {virtual_call}
  0x000002e5ac6446f8: 0000 00e8 

  0x000002e5ac6446fc: ; ImmutableOopMap {rbp=Oop [72]=Oop [104]=Derived_oop_rbp }
                      ;*invokeinterface size {reexecute=0 rethrow=0 return_oop=0}
                      ; - com.gcstudios.main.Game::tick@29 (line 102)
                      ; - com.gcstudios.main.Game::run@63 (line 155)
  0x000002e5ac6446fc: 2065 fdff | 85c0 0f8e | ce00 0000 | 4533 d244 | 8954 2454 

  0x000002e5ac644710: ;   {oop(a 'java/lang/Class'{0x0000000710911258} = 'com/gcstudios/main/Game')}
  0x000002e5ac644710: 49ba 5812 | 9110 0700 | 0000 458b | 5a78 498b | d348 c1e2 | 0344 8b44 

  0x000002e5ac644728: ;   {oop([B{0x0000000710807eb0})}
  0x000002e5ac644728: 2454 48bd | b07e 8010 | 0700 0000 | 9048 b8e8 | e10c 0008 

  0x000002e5ac64473c: ;   {virtual_call}
  0x000002e5ac64473c: 0000 00e8 

  0x000002e5ac644740: ; ImmutableOopMap {rbp=Oop [72]=Oop [104]=Derived_oop_rbp }
                      ;*invokeinterface get {reexecute=0 rethrow=0 return_oop=1}
                      ; - com.gcstudios.main.Game::tick@9 (line 103)
                      ; - com.gcstudios.main.Game::run@63 (line 155)
  0x000002e5ac644740: 7cc9 b9f8 

  0x000002e5ac644744: ; implicit exception: dispatches to 0x000002e5ac644d50
  0x000002e5ac644744: 448b 5808 | 49ba 0000 | 0000 0800 | 0000 4d03 | d34d 8b52 

  0x000002e5ac644758: ;   {metadata('com/gcstudios/entities/Entity')}
  0x000002e5ac644758: 3849 bb00 | 38cc 0008 | 0000 004d | 3bd3 0f85 | dc04 0000 | 488b d066 | 9048 b8e0 | 448b c4e5 
  0x000002e5ac644778: ;   {virtual_call}
  0x000002e5ac644778: 0200 00e8 

  0x000002e5ac64477c: ; ImmutableOopMap {rbp=Oop [72]=Oop [104]=Derived_oop_rbp }
                      ;*invokevirtual tick {reexecute=0 rethrow=0 return_oop=0}
                      ; - com.gcstudios.main.Game::tick@19 (line 104)
                      ; - com.gcstudios.main.Game::run@63 (line 155)
  0x000002e5ac64477c: a4cf 53f8 

  0x000002e5ac644780: ;   {oop(a 'java/lang/Class'{0x0000000710911258} = 'com/gcstudios/main/Game')}
  0x000002e5ac644780: 49ba 5812 | 9110 0700 | 0000 458b | 5278 448b | 4424 5441 | ffc0 4489 | 4424 5449 | 8bd2 48c1 
  0x000002e5ac6447a0: e203 6666 | 9048 b8e8 | e10c 0008 

  0x000002e5ac6447ac: ;   {virtual_call}
  0x000002e5ac6447ac: 0000 00e8 

  0x000002e5ac6447b0: ; ImmutableOopMap {rbp=Oop [72]=Oop [104]=Derived_oop_rbp }
                      ;*invokeinterface size {reexecute=0 rethrow=0 return_oop=0}
                      ; - com.gcstudios.main.Game::tick@29 (line 102)
                      ; - com.gcstudios.main.Game::run@63 (line 155)
  0x000002e5ac6447b0: 6c64 fdff | 4d8b 9f40 

  0x000002e5ac6447b8: ;   {oop([B{0x0000000710807eb0})}
  0x000002e5ac6447b8: 0300 0049 | b8b0 7e80 | 1007 0000 | 0044 8b54 

  0x000002e5ac6447c8: ; ImmutableOopMap {r8=Oop [72]=Oop [104]=Derived_oop_r8 }
                      ;*if_icmplt {reexecute=1 rethrow=0 return_oop=0}
                      ; - (reexecute) com.gcstudios.main.Game::tick@34 (line 102)
                      ; - com.gcstudios.main.Game::run@63 (line 155)
                      ;   {poll}
  0x000002e5ac6447c8: 2454 4185 | 0344 3bd0 | 0f8c 3aff | ffff 4c8b | 5c24 4845 | 8b93 d800 | 0000 4585 | d20f 8489 
  0x000002e5ac6447e8: 0400 004b 

  0x000002e5ac6447ec: ;   {oop([B{0x0000000710807eb0})}
  0x000002e5ac6447ec: 8d14 d448 | bdb0 7e80 | 1007 0000 

  0x000002e5ac6447f8: ;   {optimized virtual_call}
  0x000002e5ac6447f8: 0066 90e8 

  0x000002e5ac6447fc: ; ImmutableOopMap {rbp=Oop [72]=Oop [104]=Derived_oop_rbp }
                      ;*invokevirtual tick {reexecute=0 rethrow=0 return_oop=0}
                      ; - com.gcstudios.main.Game::tick@41 (line 106)
                      ; - com.gcstudios.main.Game::run@63 (line 155)
  0x000002e5ac6447fc: 7e06 0000 

  0x000002e5ac644800: ;   {oop(a 'java/lang/Class'{0x0000000710911258} = 'com/gcstudios/main/Game')}
  0x000002e5ac644800: 49ba 5812 | 9110 0700 | 0000 458b | 9a84 0000 | 0045 85db | 0f84 6604 | 0000 4b8d 

  0x000002e5ac64481c: ;   {optimized virtual_call}
  0x000002e5ac64481c: 14dc 90e8 

  0x000002e5ac644820: ; ImmutableOopMap {rbp=Oop [72]=Oop [104]=Derived_oop_rbp }
                      ;*invokevirtual tick {reexecute=0 rethrow=0 return_oop=0}
                      ; - com.gcstudios.main.Game::tick@47 (line 107)
                      ; - com.gcstudios.main.Game::run@63 (line 155)
  0x000002e5ac644820: 6906 0000 

  0x000002e5ac644824: ;   {oop(a 'java/lang/Class'{0x0000000710911258} = 'com/gcstudios/main/Game')}
  0x000002e5ac644824: 49ba 5812 | 9110 0700 | 0000 458b | 9288 0000 | 0045 85d2 | 0f84 4e04 | 0000 4b8d 

  0x000002e5ac644840: ;   {optimized virtual_call}
  0x000002e5ac644840: 14d4 90e8 

  0x000002e5ac644844: ; ImmutableOopMap {rbp=Oop [72]=Oop [104]=Derived_oop_rbp }
                      ;*invokevirtual tick {reexecute=0 rethrow=0 return_oop=0}
                      ; - com.gcstudios.main.Game::tick@53 (line 108)
                      ; - com.gcstudios.main.Game::run@63 (line 155)
  0x000002e5ac644844: 5406 0000 | 4c8b 5424 | 4845 8b5a | 6845 85db | 0f84 6c03 | 0000 4489 | 5c24 5445 | 8b92 d400 
  0x000002e5ac644864: 0000 4585 | d20f 8459 | 0400 004b 

  0x000002e5ac644870: ;   {optimized virtual_call}
  0x000002e5ac644870: 8d14 d4e8 

  0x000002e5ac644874: ; ImmutableOopMap {rbp=Oop [72]=Oop [84]=NarrowOop [104]=Derived_oop_rbp }
                      ;*invokevirtual createGraphics {reexecute=0 rethrow=0 return_oop=1}
                      ; - java.awt.image.BufferedImage::getGraphics@1 (line 1171)
                      ; - com.gcstudios.main.Game::render@19 (line 120)
                      ; - com.gcstudios.main.Game::run@67 (line 156)
  0x000002e5ac644874: 3306 0000 | 4889 4424 | 284d 8b87 | f000 0000 | 4d8b d049 | 83c2 204d | 3b97 0001 | 0000 0f83 
  0x000002e5ac644894: 9803 0000 | 4d89 97f0 | 0000 0041 | 0f18 8200 | 0100 0049 | c700 0100 

  0x000002e5ac6448ac: ;   {metadata('java/awt/Color')}
  0x000002e5ac6448ac: 0000 41c7 | 4008 401d | c200 4d89 | 6010 4d89 | 6018 41c7 | 400c ff66 | 7aff 4c8b | 5424 284d 
  0x000002e5ac6448cc: 85d2 0f84 | 0004 0000 | 4c89 5424 | 5849 8bd2 

  0x000002e5ac6448dc: ;   {optimized virtual_call}
  0x000002e5ac6448dc: 6666 90e8 

  0x000002e5ac6448e0: ; ImmutableOopMap {rbp=Oop [72]=Oop [84]=NarrowOop [88]=Oop [104]=Derived_oop_rbp }
                      ;*invokevirtual setColor {reexecute=0 rethrow=0 return_oop=0}
                      ; - com.gcstudios.main.Game::render@38 (line 121)
                      ; - com.gcstudios.main.Game::run@67 (line 156)
  0x000002e5ac6448e0: bc35 baf8 | 488b 5424 | 5845 33c0 | 4533 c9bf | f000 0000 | bea0 0000 

  0x000002e5ac6448f8: ;   {optimized virtual_call}
  0x000002e5ac6448f8: 0066 90e8 

  0x000002e5ac6448fc: ; ImmutableOopMap {rbp=Oop [72]=Oop [84]=NarrowOop [88]=Oop [104]=Derived_oop_rbp }
                      ;*invokevirtual fillRect {reexecute=0 rethrow=0 return_oop=0}
                      ; - com.gcstudios.main.Game::render@50 (line 122)
                      ; - com.gcstudios.main.Game::run@67 (line 156)
  0x000002e5ac6448fc: c051 bbf8 

  0x000002e5ac644900: ;   {oop(a 'java/lang/Class'{0x0000000710911258} = 'com/gcstudios/main/Game')}
  0x000002e5ac644900: 49ba 5812 | 9110 0700 | 0000 458b | 5274 4585 | d20f 84cd | 0300 004b | 8d14 d44c | 8b44 2458 
  0x000002e5ac644920: ;   {optimized virtual_call}
  0x000002e5ac644920: 6666 90e8 

  0x000002e5ac644924: ; ImmutableOopMap {rbp=Oop [72]=Oop [84]=NarrowOop [88]=Oop [104]=Derived_oop_rbp }
                      ;*invokevirtual render {reexecute=0 rethrow=0 return_oop=0}
                      ; - com.gcstudios.main.Game::render@57 (line 126)
                      ; - com.gcstudios.main.Game::run@67 (line 156)
  0x000002e5ac644924: b005 0000 

  0x000002e5ac644928: ;   {oop(a 'java/lang/Class'{0x0000000710911258} = 'com/gcstudios/main/Game')}
  0x000002e5ac644928: 49ba 5812 | 9110 0700 | 0000 458b 

  0x000002e5ac644934: ;   {oop(a 'java/lang/Class'{0x00000007105b5cf0} = 'com/gcstudios/entities/Entity')}
  0x000002e5ac644934: 5a78 49ba | f05c 5b10 | 0700 0000 | 458b 9284 | 0000 0049 | 8bd3 48c1 | e203 4d8b | c249 c1e0 
  0x000002e5ac644954: ;   {static_call}
  0x000002e5ac644954: 0366 90e8 

  0x000002e5ac644958: ; ImmutableOopMap {rbp=Oop [72]=Oop [84]=NarrowOop [88]=Oop [104]=Derived_oop_rbp }
                      ;*invokestatic sort {reexecute=0 rethrow=0 return_oop=0}
                      ; - com.gcstudios.main.Game::render@66 (line 127)
                      ; - com.gcstudios.main.Game::run@67 (line 156)
  0x000002e5ac644958: 8b05 0000 

  0x000002e5ac64495c: ;   {oop(a 'java/lang/Class'{0x0000000710911258} = 'com/gcstudios/main/Game')}
  0x000002e5ac64495c: 49ba 5812 | 9110 0700 | 0000 458b | 5a78 498b | d348 c1e2 | 0348 b8e8 | e10c 0008 

  0x000002e5ac644978: ;   {virtual_call}
  0x000002e5ac644978: 0000 00e8 

  0x000002e5ac64497c: ; ImmutableOopMap {rbp=Oop [72]=Oop [84]=NarrowOop [88]=Oop [104]=Derived_oop_rbp }
                      ;*invokeinterface size {reexecute=0 rethrow=0 return_oop=0}
                      ; - com.gcstudios.main.Game::render@101 (line 128)
                      ; - com.gcstudios.main.Game::run@67 (line 156)
  0x000002e5ac64497c: a062 fdff | 85c0 0f8e | d800 0000 | 4533 d244 | 8954 2460 

  0x000002e5ac644990: ;   {oop(a 'java/lang/Class'{0x0000000710911258} = 'com/gcstudios/main/Game')}
  0x000002e5ac644990: 49ba 5812 | 9110 0700 | 0000 458b | 5278 498b | d248 c1e2 | 0344 8b44 

  0x000002e5ac6449a8: ;   {oop([B{0x0000000710807eb0})}
  0x000002e5ac6449a8: 2460 48bd | b07e 8010 | 0700 0000 | 9048 b8e8 | e10c 0008 

  0x000002e5ac6449bc: ;   {virtual_call}
  0x000002e5ac6449bc: 0000 00e8 

  0x000002e5ac6449c0: ; ImmutableOopMap {rbp=Oop [72]=Oop [84]=NarrowOop [88]=Oop [104]=Derived_oop_rbp }
                      ;*invokeinterface get {reexecute=0 rethrow=0 return_oop=1}
                      ; - com.gcstudios.main.Game::render@78 (line 129)
                      ; - com.gcstudios.main.Game::run@67 (line 156)
  0x000002e5ac6449c0: fcc6 b9f8 

  0x000002e5ac6449c4: ; implicit exception: dispatches to 0x000002e5ac644d64
  0x000002e5ac6449c4: 448b 5808 | 49ba 0000 | 0000 0800 | 0000 4d03 | d34d 8b52 

  0x000002e5ac6449d8: ;   {metadata('com/gcstudios/entities/Entity')}
  0x000002e5ac6449d8: 3849 bb00 | 38cc 0008 | 0000 004d | 3bd3 0f85 | 6c02 0000 | 488b d04c | 8b44 2458 | 9048 b810 
  0x000002e5ac6449f8: 488b c4e5 

  0x000002e5ac6449fc: ;   {virtual_call}
  0x000002e5ac6449fc: 0200 00e8 

  0x000002e5ac644a00: ; ImmutableOopMap {rbp=Oop [72]=Oop [84]=NarrowOop [88]=Oop [104]=Derived_oop_rbp }
                      ;*invokevirtual render {reexecute=0 rethrow=0 return_oop=0}
                      ; - com.gcstudios.main.Game::render@91 (line 130)
                      ; - com.gcstudios.main.Game::run@67 (line 156)
  0x000002e5ac644a00: 24d6 53f8 

  0x000002e5ac644a04: ;   {oop(a 'java/lang/Class'{0x0000000710911258} = 'com/gcstudios/main/Game')}
  0x000002e5ac644a04: 49ba 5812 | 9110 0700 | 0000 458b | 5a78 8b6c | 2460 ffc5 | 896c 2460 | 498b d348 

  0x000002e5ac644a20: ;   {oop([B{0x0000000710807eb0})}
  0x000002e5ac644a20: c1e2 0348 | bdb0 7e80 | 1007 0000 | 0048 b8e8 | e10c 0008 

  0x000002e5ac644a34: ;   {virtual_call}
  0x000002e5ac644a34: 0000 00e8 

  0x000002e5ac644a38: ; ImmutableOopMap {rbp=Oop [72]=Oop [84]=NarrowOop [88]=Oop [104]=Derived_oop_rbp }
                      ;*invokeinterface size {reexecute=0 rethrow=0 return_oop=0}
                      ; - com.gcstudios.main.Game::render@101 (line 128)
                      ; - com.gcstudios.main.Game::run@67 (line 156)
  0x000002e5ac644a38: e461 fdff | 4d8b 9f40 

  0x000002e5ac644a40: ;   {oop([B{0x0000000710807eb0})}
  0x000002e5ac644a40: 0300 0049 | b8b0 7e80 | 1007 0000 | 0044 8b54 

  0x000002e5ac644a50: ; ImmutableOopMap {r8=Oop [72]=Oop [84]=NarrowOop [88]=Oop [104]=Derived_oop_r8 }
                      ;*if_icmplt {reexecute=1 rethrow=0 return_oop=0}
                      ; - (reexecute) com.gcstudios.main.Game::render@106 (line 128)
                      ; - com.gcstudios.main.Game::run@67 (line 156)
                      ;   {poll}
  0x000002e5ac644a50: 2460 4185 | 0341 8bea | 3be8 0f8c | 30ff ffff | 488b 5424 

  0x000002e5ac644a64: ;   {oop([B{0x0000000710807eb0})}
  0x000002e5ac644a64: 5848 bdb0 | 7e80 1007 

  0x000002e5ac644a6c: ;   {optimized virtual_call}
  0x000002e5ac644a6c: 0000 00e8 

  0x000002e5ac644a70: ; ImmutableOopMap {rbp=Oop [72]=Oop [84]=NarrowOop [104]=Derived_oop_rbp }
                      ;*invokevirtual dispose {reexecute=0 rethrow=0 return_oop=0}
                      ; - com.gcstudios.main.Game::render@110 (line 134)
                      ; - com.gcstudios.main.Game::run@67 (line 156)
  0x000002e5ac644a70: 8204 0000 | 448b 5424 | 5449 c1e2 | 034c 8954 | 2428 498b 

  0x000002e5ac644a84: ;   {optimized virtual_call}
  0x000002e5ac644a84: d266 90e8 

  0x000002e5ac644a88: ; ImmutableOopMap {rbp=Oop [40]=Oop [72]=Oop [84]=NarrowOop [104]=Derived_oop_rbp }
                      ;*invokevirtual getDrawGraphics {reexecute=0 rethrow=0 return_oop=1}
                      ; - com.gcstudios.main.Game::render@114 (line 135)
                      ; - com.gcstudios.main.Game::run@67 (line 156)
  0x000002e5ac644a88: 7904 0000 | 4889 4424 | 584c 8b54 | 2448 418b | aad4 0000 | 0048 85c0 | 0f84 4e02 | 0000 4c8b 
  0x000002e5ac644aa8: c549 c1e0 | 0348 8bd0 | 4533 c933 | ffbe d002 | 0000 b9e0 | 0100 0045 | 33d2 4c89 

  0x000002e5ac644ac4: ;   {oop([B{0x0000000710807eb0})}
  0x000002e5ac644ac4: 1424 48bd | b07e 8010 | 0700 0000 

  0x000002e5ac644ad0: ;   {optimized virtual_call}
  0x000002e5ac644ad0: 6666 90e8 

  0x000002e5ac644ad4: ; ImmutableOopMap {rbp=Oop [40]=Oop [72]=Oop [84]=NarrowOop [88]=Oop [104]=Derived_oop_rbp }
                      ;*invokevirtual drawImage {reexecute=0 rethrow=0 return_oop=0}
                      ; - com.gcstudios.main.Game::render@132 (line 136)
                      ; - com.gcstudios.main.Game::run@67 (line 156)
  0x000002e5ac644ad4: 6808 bcf8 | 4c8b 5424 | 4845 8b92 | d800 0000 | 4585 d20f | 8413 0200 | 004b 8d14 | d44c 8b44 
  0x000002e5ac644af4: ;   {optimized virtual_call}
  0x000002e5ac644af4: 2458 90e8 

  0x000002e5ac644af8: ; ImmutableOopMap {rbp=Oop [40]=Oop [72]=Oop [84]=NarrowOop [88]=Oop [104]=Derived_oop_rbp }
                      ;*invokevirtual render {reexecute=0 rethrow=0 return_oop=0}
                      ; - com.gcstudios.main.Game::render@141 (line 137)
                      ; - com.gcstudios.main.Game::run@67 (line 156)
  0x000002e5ac644af8: 2704 0000 

  0x000002e5ac644afc: ;   {oop(a 'java/lang/Class'{0x0000000710911258} = 'com/gcstudios/main/Game')}
  0x000002e5ac644afc: 49ba 5812 | 9110 0700 | 0000 458b | 9a84 0000 | 0045 85db | 0f84 fa01 | 0000 4b8d | 14dc 4c8b 
  0x000002e5ac644b1c: ;   {optimized virtual_call}
  0x000002e5ac644b1c: 4424 58e8 

  0x000002e5ac644b20: ; ImmutableOopMap {rbp=Oop [40]=Oop [72]=Oop [84]=NarrowOop [104]=Derived_oop_rbp }
                      ;*invokevirtual render {reexecute=0 rethrow=0 return_oop=0}
                      ; - com.gcstudios.main.Game::render@148 (line 138)
                      ; - com.gcstudios.main.Game::run@67 (line 156)
  0x000002e5ac644b20: 0e04 0000 | 488b 5424 

  0x000002e5ac644b28: ;   {optimized virtual_call}
  0x000002e5ac644b28: 2866 90e8 

  0x000002e5ac644b2c: ; ImmutableOopMap {rbp=Oop [72]=Oop [104]=Derived_oop_rbp }
                      ;*invokevirtual show {reexecute=0 rethrow=0 return_oop=0}
                      ; - com.gcstudios.main.Game::render@152 (line 139)
                      ; - com.gcstudios.main.Game::run@67 (line 156)
  0x000002e5ac644b2c: 1104 0000 | c5fb 1044 

  0x000002e5ac644b34: ;   {section_word}
  0x000002e5ac644b34: 2420 c5fb | 5c05 e2f7 | ffff 448b | 5c24 5041 | ffc3 c5fb | 1144 2420 | 4489 5c24 | 5049 bad0 
  0x000002e5ac644b54: 4a6b c8fc | 7f00 0041 | ffd2 c4e1 | fb2a c0c5 | fb5c 4424 

  0x000002e5ac644b68: ;   {section_word}
  0x000002e5ac644b68: 40c5 f92e | 05b7 f7ff | ff0f 8269 | f8ff ff44 | 8b5c 2450 | 458b d341 | c1fa 1f45 | 8bcb 4533 
  0x000002e5ac644b88: ca45 2bca | 4489 4c24 | 2841 81fb | 0000 0080 | 0f84 52f8 | ffff 4533 | c9e9 5df8 | ffff 488b 
  0x000002e5ac644ba8: ;   {optimized virtual_call}
  0x000002e5ac644ba8: 5424 48e8 

  0x000002e5ac644bac: ; ImmutableOopMap {}
                      ;*invokevirtual stop {reexecute=0 rethrow=0 return_oop=0}
                      ; - com.gcstudios.main.Game::run@136 (line 169)
  0x000002e5ac644bac: d081 53f8 | 4881 c480 | 0000 005d 

  0x000002e5ac644bb8: ;   {poll_return}
  0x000002e5ac644bb8: 493b a738 | 0300 000f | 877e 0200 | 00c3 41b8 | 0300 0000 | 488b 5424 

  0x000002e5ac644bd0: ;   {optimized virtual_call}
  0x000002e5ac644bd0: 4866 90e8 

  0x000002e5ac644bd4: ; ImmutableOopMap {rbp=Oop [72]=Oop [104]=Derived_oop_rbp }
                      ;*invokespecial createBufferStrategy {reexecute=0 rethrow=0 return_oop=0}
                      ; - java.awt.Canvas::createBufferStrategy@2 (line 176)
                      ; - com.gcstudios.main.Game::render@11 (line 117)
                      ; - com.gcstudios.main.Game::run@67 (line 156)
  0x000002e5ac644bd4: a881 53f8 | e953 ffff | ff33 ffe9 | d1f7 ffff 

  0x000002e5ac644be4: ;   {metadata('java/lang/String')}
  0x000002e5ac644be4: 48ba 3886 | 0000 0800 

  0x000002e5ac644bec: ;   {oop([B{0x0000000710807eb0})}
  0x000002e5ac644bec: 0000 48bd | b07e 8010 | 0700 0000 

  0x000002e5ac644bf8: ;   {runtime_call _new_instance_Java}
  0x000002e5ac644bf8: 6666 90e8 

  0x000002e5ac644bfc: ; ImmutableOopMap {rbp=Oop [72]=Oop [84]=NarrowOop [88]=Oop [104]=Derived_oop_rbp }
                      ;*new {reexecute=1 rethrow=0 return_oop=1}
                      ; - (reexecute) com.gcstudios.main.Game::run@96 (line 162)
  0x000002e5ac644bfc: 803d 55f8 | 4c8b d8e9 | eef9 ffff 

  0x000002e5ac644c08: ;   {metadata({type array byte})}
  0x000002e5ac644c08: 48ba a81e | 0000 0800 | 0000 448b 

  0x000002e5ac644c14: ;   {oop([B{0x0000000710807eb0})}
  0x000002e5ac644c14: 4424 2c48 | bdb0 7e80 | 1007 0000 

  0x000002e5ac644c20: ;   {runtime_call _new_array_Java}
  0x000002e5ac644c20: 0066 90e8 

  0x000002e5ac644c24: ; ImmutableOopMap {rbp=Oop [72]=Oop [84]=NarrowOop [104]=Derived_oop_rbp }
                      ;*new {reexecute=1 rethrow=0 return_oop=1}
                      ; - (reexecute) com.gcstudios.main.Game::run@96 (line 162)
  0x000002e5ac644c24: 583a 55f8 | 4c8b c0e9 | b0f8 ffff 

  0x000002e5ac644c30: ;   {metadata('java/awt/Color')}
  0x000002e5ac644c30: 48ba 401d | c200 0800 

  0x000002e5ac644c38: ;   {runtime_call _new_instance_Java}
  0x000002e5ac644c38: 0000 90e8 

  0x000002e5ac644c3c: ; ImmutableOopMap {rbp=Oop [40]=Oop [72]=Oop [84]=NarrowOop [104]=Derived_oop_rbp }
                      ;*new {reexecute=0 rethrow=0 return_oop=1}
                      ; - com.gcstudios.main.Game::render@24 (line 121)
                      ; - com.gcstudios.main.Game::run@67 (line 156)
  0x000002e5ac644c3c: 403d 55f8 | 4c8b c0e9 | 76fc ffff | bade ffff | ff48 8be8 

  0x000002e5ac644c50: ;   {runtime_call UncommonTrapBlob}
  0x000002e5ac644c50: 6666 90e8 

  0x000002e5ac644c54: ; ImmutableOopMap {rbp=Oop }
                      ;*checkcast {reexecute=0 rethrow=0 return_oop=0}
                      ; - com.gcstudios.main.Game::tick@14 (line 103)
                      ; - com.gcstudios.main.Game::run@63 (line 155)
  0x000002e5ac644c54: a8d6 53f8 | bade ffff | ff48 8be8 

  0x000002e5ac644c60: ;   {runtime_call UncommonTrapBlob}
  0x000002e5ac644c60: 6666 90e8 

  0x000002e5ac644c64: ; ImmutableOopMap {rbp=Oop }
                      ;*checkcast {reexecute=0 rethrow=0 return_oop=0}
                      ; - com.gcstudios.main.Game::render@83 (line 129)
                      ; - com.gcstudios.main.Game::run@67 (line 156)
  0x000002e5ac644c64: 98d6 53f8 | baf6 ffff 

  0x000002e5ac644c6c: ;   {runtime_call UncommonTrapBlob}
  0x000002e5ac644c6c: ff66 90e8 

  0x000002e5ac644c70: ; ImmutableOopMap {}
                      ;*invokevirtual tick {reexecute=0 rethrow=0 return_oop=0}
                      ; - com.gcstudios.main.Game::run@63 (line 155)
  0x000002e5ac644c70: 8cd6 53f8 | baf6 ffff 

  0x000002e5ac644c78: ;   {runtime_call UncommonTrapBlob}
  0x000002e5ac644c78: ff66 90e8 

  0x000002e5ac644c7c: ; ImmutableOopMap {}
                      ;*invokevirtual tick {reexecute=0 rethrow=0 return_oop=0}
                      ; - com.gcstudios.main.Game::tick@41 (line 106)
                      ; - com.gcstudios.main.Game::run@63 (line 155)
  0x000002e5ac644c7c: 80d6 53f8 | baf6 ffff 

  0x000002e5ac644c84: ;   {runtime_call UncommonTrapBlob}
  0x000002e5ac644c84: ff66 90e8 

  0x000002e5ac644c88: ; ImmutableOopMap {}
                      ;*invokevirtual tick {reexecute=0 rethrow=0 return_oop=0}
                      ; - com.gcstudios.main.Game::tick@47 (line 107)
                      ; - com.gcstudios.main.Game::run@63 (line 155)
  0x000002e5ac644c88: 74d6 53f8 | baf6 ffff 

  0x000002e5ac644c90: ;   {runtime_call UncommonTrapBlob}
  0x000002e5ac644c90: ff66 90e8 

  0x000002e5ac644c94: ; ImmutableOopMap {}
                      ;*invokevirtual tick {reexecute=0 rethrow=0 return_oop=0}
                      ; - com.gcstudios.main.Game::tick@53 (line 108)
                      ; - com.gcstudios.main.Game::run@63 (line 155)
  0x000002e5ac644c94: 68d6 53f8 | baf6 ffff | ff49 8beb 

  0x000002e5ac644ca0: ;   {runtime_call UncommonTrapBlob}
  0x000002e5ac644ca0: 6666 90e8 

  0x000002e5ac644ca4: ; ImmutableOopMap {rbp=Oop }
                      ;*invokevirtual println {reexecute=0 rethrow=0 return_oop=0}
                      ; - com.gcstudios.main.Game::run@114 (line 162)
  0x000002e5ac644ca4: 58d6 53f8 | 4c63 5424 | 2ce9 c3f7 | ffff bacc | ffff ff4c | 8b54 2438 | 4c89 5424 

  0x000002e5ac644cc0: ;   {runtime_call UncommonTrapBlob}
  0x000002e5ac644cc0: 2866 90e8 

  0x000002e5ac644cc4: ; ImmutableOopMap {[72]=Oop [84]=NarrowOop }
                      ;*new {reexecute=0 rethrow=0 return_oop=0}
                      ; - com.gcstudios.main.Game::run@96 (line 162)
  0x000002e5ac644cc4: 38d6 53f8 | baf6 ffff 

  0x000002e5ac644ccc: ;   {runtime_call UncommonTrapBlob}
  0x000002e5ac644ccc: ff66 90e8 

  0x000002e5ac644cd0: ; ImmutableOopMap {}
                      ;*invokevirtual getGraphics {reexecute=0 rethrow=0 return_oop=0}
                      ; - com.gcstudios.main.Game::render@19 (line 120)
                      ; - com.gcstudios.main.Game::run@67 (line 156)
  0x000002e5ac644cd0: 2cd6 53f8 | baf6 ffff | ff49 8be8 

  0x000002e5ac644cdc: ;   {runtime_call UncommonTrapBlob}
  0x000002e5ac644cdc: 6666 90e8 

  0x000002e5ac644ce0: ; ImmutableOopMap {rbp=Oop }
                      ;*invokevirtual setColor {reexecute=0 rethrow=0 return_oop=0}
                      ; - com.gcstudios.main.Game::render@38 (line 121)
                      ; - com.gcstudios.main.Game::run@67 (line 156)
  0x000002e5ac644ce0: 1cd6 53f8 | baf6 ffff | ff48 8b6c 

  0x000002e5ac644cec: ;   {runtime_call UncommonTrapBlob}
  0x000002e5ac644cec: 2458 90e8 

  0x000002e5ac644cf0: ; ImmutableOopMap {rbp=Oop }
                      ;*invokevirtual render {reexecute=0 rethrow=0 return_oop=0}
                      ; - com.gcstudios.main.Game::render@57 (line 126)
                      ; - com.gcstudios.main.Game::run@67 (line 156)
  0x000002e5ac644cf0: 0cd6 53f8 | baf6 ffff 

  0x000002e5ac644cf8: ;   {runtime_call UncommonTrapBlob}
  0x000002e5ac644cf8: ff66 90e8 

  0x000002e5ac644cfc: ; ImmutableOopMap {rbp=NarrowOop }
                      ;*invokevirtual drawImage {reexecute=0 rethrow=0 return_oop=0}
                      ; - com.gcstudios.main.Game::render@132 (line 136)
                      ; - com.gcstudios.main.Game::run@67 (line 156)
  0x000002e5ac644cfc: 00d6 53f8 | baf6 ffff | ff48 8b6c 

  0x000002e5ac644d08: ;   {runtime_call UncommonTrapBlob}
  0x000002e5ac644d08: 2458 90e8 

  0x000002e5ac644d0c: ; ImmutableOopMap {rbp=Oop }
                      ;*invokevirtual render {reexecute=0 rethrow=0 return_oop=0}
                      ; - com.gcstudios.main.Game::render@141 (line 137)
                      ; - com.gcstudios.main.Game::run@67 (line 156)
  0x000002e5ac644d0c: f0d5 53f8 | baf6 ffff | ff48 8b6c 

  0x000002e5ac644d18: ;   {runtime_call UncommonTrapBlob}
  0x000002e5ac644d18: 2458 90e8 

  0x000002e5ac644d1c: ; ImmutableOopMap {rbp=Oop }
                      ;*invokevirtual render {reexecute=0 rethrow=0 return_oop=0}
                      ; - com.gcstudios.main.Game::render@148 (line 138)
                      ; - com.gcstudios.main.Game::run@67 (line 156)
  0x000002e5ac644d1c: e0d5 53f8 | ba8d ffff | ff48 8bee | c5fb 1044 | 2430 c5fb | 1144 2428 | 895c 2430 | c5fb 1044 
  0x000002e5ac644d3c: 2440 c5fb | 1144 2438 | 4889 7c24 

  0x000002e5ac644d48: ;   {runtime_call UncommonTrapBlob}
  0x000002e5ac644d48: 4066 90e8 

  0x000002e5ac644d4c: ; ImmutableOopMap {[64]=Oop }
                      ;*invokestatic nanoTime {reexecute=0 rethrow=0 return_oop=0}
                      ; - com.gcstudios.main.Game::run@34 (line 151)
  0x000002e5ac644d4c: b0d5 53f8 | baf4 ffff | ff4c 8b54 | 2438 4c89 

  0x000002e5ac644d5c: ;   {runtime_call UncommonTrapBlob}
  0x000002e5ac644d5c: 5424 28e8 

  0x000002e5ac644d60: ; ImmutableOopMap {[72]=Oop }
                      ;*checkcast {reexecute=0 rethrow=0 return_oop=0}
                      ; - com.gcstudios.main.Game::tick@14 (line 103)
                      ; - com.gcstudios.main.Game::run@63 (line 155)
  0x000002e5ac644d60: 9cd5 53f8 | baf4 ffff | ff4c 8b54 | 2438 4c89 | 5424 2844 | 8b54 2450 | 4489 5424 | 3844 8b5c 
  0x000002e5ac644d80: 2454 4489 | 5c24 3c4c | 8b54 2458 | 4c89 5424 

  0x000002e5ac644d90: ;   {runtime_call UncommonTrapBlob}
  0x000002e5ac644d90: 5066 90e8 

  0x000002e5ac644d94: ; ImmutableOopMap {[60]=NarrowOop [72]=Oop [80]=Oop }
                      ;*checkcast {reexecute=0 rethrow=0 return_oop=0}
                      ; - com.gcstudios.main.Game::render@83 (line 129)
                      ; - com.gcstudios.main.Game::run@67 (line 156)
  0x000002e5ac644d94: 68d5 53f8 | baf6 ffff 

  0x000002e5ac644d9c: ;   {runtime_call UncommonTrapBlob}
  0x000002e5ac644d9c: ff66 90e8 

  0x000002e5ac644da0: ; ImmutableOopMap {}
                      ;*getfield isRunning {reexecute=1 rethrow=0 return_oop=0}
                      ; - (reexecute) com.gcstudios.main.Game::run@129 (line 150)
  0x000002e5ac644da0: 5cd5 53f8 | 488b d0e9 | 8a00 0000 | eb00 488b | d0e9 8000 | 0000 488b | d0eb 7b48 | 8bd0 eb76 
  0x000002e5ac644dc0: 488b d0eb | 7148 8bd0 | eb6c 488b | d0eb 6748 | 8bd0 eb62 | 488b d0eb | 5d48 8bd0 | eb58 488b 
  0x000002e5ac644de0: d0eb 5348 | 8bd0 eb4e | 488b d0eb | 4948 8bd0 | eb44 488b | d0eb 3f48 | 8bd0 eb3a | 488b d0eb 
  0x000002e5ac644e00: 3548 8bd0 | eb30 488b | d0eb 2b48 | 8bd0 eb26 | 488b d0eb | 2148 8bd0 | eb1c 488b | d0eb 1748 
  0x000002e5ac644e20: 8bd0 eb12 | 488b d0eb | 0d48 8bd0 | eb08 488b | d0eb 0348 | 8bd0 4881 | c480 0000 

  0x000002e5ac644e3c: ;   {runtime_call _rethrow_Java}
  0x000002e5ac644e3c: 005d e9bd 

  0x000002e5ac644e40: ;   {internal_word}
  0x000002e5ac644e40: 8c5e f849 | bab8 4b64 | ace5 0200 | 004d 8997 | 5003 0000 

  0x000002e5ac644e54: ;   {runtime_call SafepointBlob}
  0x000002e5ac644e54: e9a7 e553 | f8f4 f4f4 | f4f4 f4f4 
[Stub Code]
  0x000002e5ac644e60: ;   {no_reloc}
  0x000002e5ac644e60: 48bb 0000 | 0000 0000 

  0x000002e5ac644e68: ;   {runtime_call}
  0x000002e5ac644e68: 0000 e9fb 

  0x000002e5ac644e6c: ;   {static_stub}
  0x000002e5ac644e6c: ffff ff48 | bb00 0000 | 0000 0000 

  0x000002e5ac644e78: ;   {runtime_call}
  0x000002e5ac644e78: 00e9 fbff 

  0x000002e5ac644e7c: ;   {static_stub}
  0x000002e5ac644e7c: ffff 48bb | 1859 30c0 | e502 0000 

  0x000002e5ac644e88: ;   {runtime_call I2C/C2I adapters}
  0x000002e5ac644e88: e9cc c853 

  0x000002e5ac644e8c: ;   {static_stub}
  0x000002e5ac644e8c: f848 bb30 | 6930 c0e5 

  0x000002e5ac644e94: ;   {runtime_call I2C/C2I adapters}
  0x000002e5ac644e94: 0200 00e9 | bdc8 53f8 

  0x000002e5ac644e9c: ;   {static_stub}
  0x000002e5ac644e9c: 48bb 5075 | 30c0 e502 

  0x000002e5ac644ea4: ;   {runtime_call I2C/C2I adapters}
  0x000002e5ac644ea4: 0000 e9ae 

  0x000002e5ac644ea8: ;   {static_stub}
  0x000002e5ac644ea8: c853 f848 | bb08 b3c4 | bfe5 0200 

  0x000002e5ac644eb4: ;   {runtime_call I2C/C2I adapters}
  0x000002e5ac644eb4: 00e9 9fc8 

  0x000002e5ac644eb8: ;   {static_stub}
  0x000002e5ac644eb8: 53f8 48bb | 0000 0000 | 0000 0000 

  0x000002e5ac644ec4: ;   {runtime_call}
  0x000002e5ac644ec4: e9fb ffff 

  0x000002e5ac644ec8: ;   {static_stub}
  0x000002e5ac644ec8: ff48 bb00 | 0000 0000 

  0x000002e5ac644ed0: ;   {runtime_call}
  0x000002e5ac644ed0: 0000 00e9 | fbff ffff 

  0x000002e5ac644ed8: ;   {static_stub}
  0x000002e5ac644ed8: 48bb 2836 | 30c0 e502 

  0x000002e5ac644ee0: ;   {runtime_call I2C/C2I adapters}
  0x000002e5ac644ee0: 0000 e976 

  0x000002e5ac644ee4: ;   {static_stub}
  0x000002e5ac644ee4: d153 f848 | bbd0 4d3d | 0008 0000 

  0x000002e5ac644ef0: ;   {runtime_call I2C/C2I adapters}
  0x000002e5ac644ef0: 00e9 67d1 

  0x000002e5ac644ef4: ;   {static_stub}
  0x000002e5ac644ef4: 53f8 48bb | 10f7 fabf | e502 0000 

  0x000002e5ac644f00: ;   {runtime_call I2C/C2I adapters}
  0x000002e5ac644f00: e954 c853 

  0x000002e5ac644f04: ;   {static_stub}
  0x000002e5ac644f04: f848 bb70 | f423 c0e5 

  0x000002e5ac644f0c: ;   {runtime_call I2C/C2I adapters}
  0x000002e5ac644f0c: 0200 00e9 | 45c8 53f8 

  0x000002e5ac644f14: ;   {static_stub}
  0x000002e5ac644f14: 48bb 0000 | 0000 0000 

  0x000002e5ac644f1c: ;   {runtime_call}
  0x000002e5ac644f1c: 0000 e9fb 

  0x000002e5ac644f20: ;   {static_stub}
  0x000002e5ac644f20: ffff ff48 | bb48 5b30 | c0e5 0200 

  0x000002e5ac644f2c: ;   {runtime_call I2C/C2I adapters}
  0x000002e5ac644f2c: 00e9 2bd1 

  0x000002e5ac644f30: ;   {static_stub}
  0x000002e5ac644f30: 53f8 48bb | b86b 30c0 | e502 0000 

  0x000002e5ac644f3c: ;   {runtime_call I2C/C2I adapters}
  0x000002e5ac644f3c: e91c d153 

  0x000002e5ac644f40: ;   {static_stub}
  0x000002e5ac644f40: f848 bbd8 | f723 c0e5 

  0x000002e5ac644f48: ;   {runtime_call I2C/C2I adapters}
  0x000002e5ac644f48: 0200 00e9 | 09c8 53f8 

  0x000002e5ac644f50: ;   {static_stub}
  0x000002e5ac644f50: 48bb 0000 | 0000 0000 

  0x000002e5ac644f58: ;   {runtime_call}
  0x000002e5ac644f58: 0000 e9fb 

  0x000002e5ac644f5c: ;   {static_stub}
  0x000002e5ac644f5c: ffff ff48 | bb00 0000 | 0000 0000 

  0x000002e5ac644f68: ;   {runtime_call}
  0x000002e5ac644f68: 00e9 fbff 

  0x000002e5ac644f6c: ;   {runtime_call ExceptionBlob}
  0x000002e5ac644f6c: ffff e90d | 3d55 f8e8 | 0000 0000 | 4883 2c24 

  0x000002e5ac644f7c: ;   {runtime_call DeoptimizationBlob}
  0x000002e5ac644f7c: 05e9 1ed7 | 53f8 f4f4 | f4f4 f4f4 
[/MachCode]


---------------  P R O C E S S  ---------------

Threads class SMR info:
_java_thread_list=0x000002e5c48b1c90, length=16, elements={
0x000002e5bf794ed0, 0x000002e5bf796320, 0x000002e5bf7b0140, 0x000002e5bf7b1a00,
0x000002e5bf7b22b0, 0x000002e5bf7b2b60, 0x000002e5bf7b3740, 0x000002e5bf81a390,
0x000002e5bf81e8b0, 0x000002e5c3ce9190, 0x000002e5c3cf18f0, 0x000002e5c3ee7ae0,
0x000002e5c3eeaa60, 0x000002e5c480a450, 0x000002e5c491a950, 0x000002e59b21e8a0
}

Java Threads: ( => current thread )
  0x000002e5bf794ed0 JavaThread "Reference Handler" daemon [_thread_blocked, id=7512, stack(0x000000fc9e900000,0x000000fc9ea00000)]
  0x000002e5bf796320 JavaThread "Finalizer" daemon [_thread_blocked, id=2836, stack(0x000000fc9ea00000,0x000000fc9eb00000)]
  0x000002e5bf7b0140 JavaThread "Signal Dispatcher" daemon [_thread_blocked, id=1556, stack(0x000000fc9eb00000,0x000000fc9ec00000)]
  0x000002e5bf7b1a00 JavaThread "Attach Listener" daemon [_thread_blocked, id=9936, stack(0x000000fc9ec00000,0x000000fc9ed00000)]
  0x000002e5bf7b22b0 JavaThread "Service Thread" daemon [_thread_blocked, id=3292, stack(0x000000fc9ed00000,0x000000fc9ee00000)]
  0x000002e5bf7b2b60 JavaThread "Monitor Deflation Thread" daemon [_thread_blocked, id=13120, stack(0x000000fc9ee00000,0x000000fc9ef00000)]
  0x000002e5bf7b3740 JavaThread "C2 CompilerThread0" daemon [_thread_blocked, id=4232, stack(0x000000fc9ef00000,0x000000fc9f000000)]
  0x000002e5bf81a390 JavaThread "C1 CompilerThread0" daemon [_thread_blocked, id=8288, stack(0x000000fc9f000000,0x000000fc9f100000)]
  0x000002e5bf81e8b0 JavaThread "Sweeper thread" daemon [_thread_blocked, id=8240, stack(0x000000fc9f100000,0x000000fc9f200000)]
  0x000002e5c3ce9190 JavaThread "Notification Thread" daemon [_thread_blocked, id=12172, stack(0x000000fc9f200000,0x000000fc9f300000)]
  0x000002e5c3cf18f0 JavaThread "Common-Cleaner" daemon [_thread_blocked, id=6300, stack(0x000000fc9f400000,0x000000fc9f500000)]
  0x000002e5c3ee7ae0 JavaThread "Java2D Disposer" daemon [_thread_blocked, id=4504, stack(0x000000fc9f500000,0x000000fc9f600000)]
  0x000002e5c3eeaa60 JavaThread "AWT-Shutdown" [_thread_blocked, id=12068, stack(0x000000fc9f600000,0x000000fc9f700000)]
  0x000002e5c480a450 JavaThread "AWT-EventQueue-0" [_thread_blocked, id=5812, stack(0x000000fc9fa00000,0x000000fc9fb00000)]
=>0x000002e5c491a950 JavaThread "Thread-0" [_thread_in_native, id=3720, stack(0x000000fc9fc20000,0x000000fc9fd20000)]
  0x000002e59b21e8a0 JavaThread "DestroyJavaVM" [_thread_blocked, id=5936, stack(0x000000fc9e200000,0x000000fc9e300000)]

Other Threads:
  0x000002e59d2b4290 VMThread "VM Thread" [stack: 0x000000fc9e800000,0x000000fc9e900000] [id=1520]
  0x000002e5c3cf1680 WatcherThread "VM Periodic Task Thread" [stack: 0x000000fc9f300000,0x000000fc9f400000] [id=10000]
  0x000002e59d25d3f0 WorkerThread "GC Thread#0" [stack: 0x000000fc9e300000,0x000000fc9e400000] [id=2860]
  0x000002e59d2ad010 ConcurrentGCThread "G1 Main Marker" [stack: 0x000000fc9e400000,0x000000fc9e500000] [id=11508]
  0x000002e59d2ad910 WorkerThread "G1 Conc#0" [stack: 0x000000fc9e500000,0x000000fc9e600000] [id=5524]
  0x000002e5bf64e9b0 ConcurrentGCThread "G1 Refine#0" [stack: 0x000000fc9e600000,0x000000fc9e700000] [id=6188]
  0x000002e5bf64f1d0 ConcurrentGCThread "G1 Service" [stack: 0x000000fc9e700000,0x000000fc9e800000] [id=3152]

Threads with active compile tasks:

VM state: not at safepoint (normal execution)

VM Mutex/Monitor currently owned by a thread: None

Heap address: 0x0000000700a00000, size: 4086 MB, Compressed Oops mode: Zero based, Oop shift amount: 3

CDS archive(s) mapped at: [0x0000000800000000-0x0000000800ba0000-0x0000000800ba0000), size 12189696, SharedBaseAddress: 0x0000000800000000, ArchiveRelocationMode: 0.
Compressed class space mapped at: 0x0000000800c00000-0x0000000840c00000, reserved size: 1073741824
Narrow klass base: 0x0000000800000000, Narrow klass shift: 0, Narrow klass range: 0x100000000

GC Precious Log:
 CardTable entry size: 512
 Card Set container configuration: InlinePtr #cards 4 size 8 Array Of Cards #cards 16 size 48 Howl #buckets 8 coarsen threshold 3686 Howl Bitmap #cards 512 size 80 coarsen threshold 460 Card regions per heap region 1 cards per card region 4096
 CPUs: 4 total, 4 available
 Memory: 16339M
 Large Page Support: Disabled
 NUMA Support: Disabled
 Compressed Oops: Enabled (Zero based)
 Heap Region Size: 2M
 Heap Min Capacity: 8M
 Heap Initial Capacity: 256M
 Heap Max Capacity: 4086M
 Pre-touch: Disabled
 Parallel Workers: 4
 Concurrent Workers: 1
 Concurrent Refinement Workers: 4
 Periodic GC: Disabled

Heap:
 garbage-first heap   total 262144K, used 8192K [0x0000000700a00000, 0x0000000800000000)
  region size 2048K, 5 young (10240K), 0 survivors (0K)
 Metaspace       used 7552K, committed 7744K, reserved 1114112K
  class space    used 804K, committed 896K, reserved 1048576K

Heap Regions: E=young(eden), S=young(survivor), O=old, HS=humongous(starts), HC=humongous(continues), CS=collection set, F=free, OA=open archive, CA=closed archive, TAMS=top-at-mark-start (previous, next)
|   0|0x0000000700a00000, 0x0000000700a00000, 0x0000000700c00000|  0%| F|  |TAMS 0x0000000700a00000, 0x0000000700a00000| Untracked 
|   1|0x0000000700c00000, 0x0000000700c00000, 0x0000000700e00000|  0%| F|  |TAMS 0x0000000700c00000, 0x0000000700c00000| Untracked 
|   2|0x0000000700e00000, 0x0000000700e00000, 0x0000000701000000|  0%| F|  |TAMS 0x0000000700e00000, 0x0000000700e00000| Untracked 
|   3|0x0000000701000000, 0x0000000701000000, 0x0000000701200000|  0%| F|  |TAMS 0x0000000701000000, 0x0000000701000000| Untracked 
|   4|0x0000000701200000, 0x0000000701200000, 0x0000000701400000|  0%| F|  |TAMS 0x0000000701200000, 0x0000000701200000| Untracked 
|   5|0x0000000701400000, 0x0000000701400000, 0x0000000701600000|  0%| F|  |TAMS 0x0000000701400000, 0x0000000701400000| Untracked 
|   6|0x0000000701600000, 0x0000000701600000, 0x0000000701800000|  0%| F|  |TAMS 0x0000000701600000, 0x0000000701600000| Untracked 
|   7|0x0000000701800000, 0x0000000701800000, 0x0000000701a00000|  0%| F|  |TAMS 0x0000000701800000, 0x0000000701800000| Untracked 
|   8|0x0000000701a00000, 0x0000000701a00000, 0x0000000701c00000|  0%| F|  |TAMS 0x0000000701a00000, 0x0000000701a00000| Untracked 
|   9|0x0000000701c00000, 0x0000000701c00000, 0x0000000701e00000|  0%| F|  |TAMS 0x0000000701c00000, 0x0000000701c00000| Untracked 
|  10|0x0000000701e00000, 0x0000000701e00000, 0x0000000702000000|  0%| F|  |TAMS 0x0000000701e00000, 0x0000000701e00000| Untracked 
|  11|0x0000000702000000, 0x0000000702000000, 0x0000000702200000|  0%| F|  |TAMS 0x0000000702000000, 0x0000000702000000| Untracked 
|  12|0x0000000702200000, 0x0000000702200000, 0x0000000702400000|  0%| F|  |TAMS 0x0000000702200000, 0x0000000702200000| Untracked 
|  13|0x0000000702400000, 0x0000000702400000, 0x0000000702600000|  0%| F|  |TAMS 0x0000000702400000, 0x0000000702400000| Untracked 
|  14|0x0000000702600000, 0x0000000702600000, 0x0000000702800000|  0%| F|  |TAMS 0x0000000702600000, 0x0000000702600000| Untracked 
|  15|0x0000000702800000, 0x0000000702800000, 0x0000000702a00000|  0%| F|  |TAMS 0x0000000702800000, 0x0000000702800000| Untracked 
|  16|0x0000000702a00000, 0x0000000702a00000, 0x0000000702c00000|  0%| F|  |TAMS 0x0000000702a00000, 0x0000000702a00000| Untracked 
|  17|0x0000000702c00000, 0x0000000702c00000, 0x0000000702e00000|  0%| F|  |TAMS 0x0000000702c00000, 0x0000000702c00000| Untracked 
|  18|0x0000000702e00000, 0x0000000702e00000, 0x0000000703000000|  0%| F|  |TAMS 0x0000000702e00000, 0x0000000702e00000| Untracked 
|  19|0x0000000703000000, 0x0000000703000000, 0x0000000703200000|  0%| F|  |TAMS 0x0000000703000000, 0x0000000703000000| Untracked 
|  20|0x0000000703200000, 0x0000000703200000, 0x0000000703400000|  0%| F|  |TAMS 0x0000000703200000, 0x0000000703200000| Untracked 
|  21|0x0000000703400000, 0x0000000703400000, 0x0000000703600000|  0%| F|  |TAMS 0x0000000703400000, 0x0000000703400000| Untracked 
|  22|0x0000000703600000, 0x0000000703600000, 0x0000000703800000|  0%| F|  |TAMS 0x0000000703600000, 0x0000000703600000| Untracked 
|  23|0x0000000703800000, 0x0000000703800000, 0x0000000703a00000|  0%| F|  |TAMS 0x0000000703800000, 0x0000000703800000| Untracked 
|  24|0x0000000703a00000, 0x0000000703a00000, 0x0000000703c00000|  0%| F|  |TAMS 0x0000000703a00000, 0x0000000703a00000| Untracked 
|  25|0x0000000703c00000, 0x0000000703c00000, 0x0000000703e00000|  0%| F|  |TAMS 0x0000000703c00000, 0x0000000703c00000| Untracked 
|  26|0x0000000703e00000, 0x0000000703e00000, 0x0000000704000000|  0%| F|  |TAMS 0x0000000703e00000, 0x0000000703e00000| Untracked 
|  27|0x0000000704000000, 0x0000000704000000, 0x0000000704200000|  0%| F|  |TAMS 0x0000000704000000, 0x0000000704000000| Untracked 
|  28|0x0000000704200000, 0x0000000704200000, 0x0000000704400000|  0%| F|  |TAMS 0x0000000704200000, 0x0000000704200000| Untracked 
|  29|0x0000000704400000, 0x0000000704400000, 0x0000000704600000|  0%| F|  |TAMS 0x0000000704400000, 0x0000000704400000| Untracked 
|  30|0x0000000704600000, 0x0000000704600000, 0x0000000704800000|  0%| F|  |TAMS 0x0000000704600000, 0x0000000704600000| Untracked 
|  31|0x0000000704800000, 0x0000000704800000, 0x0000000704a00000|  0%| F|  |TAMS 0x0000000704800000, 0x0000000704800000| Untracked 
|  32|0x0000000704a00000, 0x0000000704a00000, 0x0000000704c00000|  0%| F|  |TAMS 0x0000000704a00000, 0x0000000704a00000| Untracked 
|  33|0x0000000704c00000, 0x0000000704c00000, 0x0000000704e00000|  0%| F|  |TAMS 0x0000000704c00000, 0x0000000704c00000| Untracked 
|  34|0x0000000704e00000, 0x0000000704e00000, 0x0000000705000000|  0%| F|  |TAMS 0x0000000704e00000, 0x0000000704e00000| Untracked 
|  35|0x0000000705000000, 0x0000000705000000, 0x0000000705200000|  0%| F|  |TAMS 0x0000000705000000, 0x0000000705000000| Untracked 
|  36|0x0000000705200000, 0x0000000705200000, 0x0000000705400000|  0%| F|  |TAMS 0x0000000705200000, 0x0000000705200000| Untracked 
|  37|0x0000000705400000, 0x0000000705400000, 0x0000000705600000|  0%| F|  |TAMS 0x0000000705400000, 0x0000000705400000| Untracked 
|  38|0x0000000705600000, 0x0000000705600000, 0x0000000705800000|  0%| F|  |TAMS 0x0000000705600000, 0x0000000705600000| Untracked 
|  39|0x0000000705800000, 0x0000000705800000, 0x0000000705a00000|  0%| F|  |TAMS 0x0000000705800000, 0x0000000705800000| Untracked 
|  40|0x0000000705a00000, 0x0000000705a00000, 0x0000000705c00000|  0%| F|  |TAMS 0x0000000705a00000, 0x0000000705a00000| Untracked 
|  41|0x0000000705c00000, 0x0000000705c00000, 0x0000000705e00000|  0%| F|  |TAMS 0x0000000705c00000, 0x0000000705c00000| Untracked 
|  42|0x0000000705e00000, 0x0000000705e00000, 0x0000000706000000|  0%| F|  |TAMS 0x0000000705e00000, 0x0000000705e00000| Untracked 
|  43|0x0000000706000000, 0x0000000706000000, 0x0000000706200000|  0%| F|  |TAMS 0x0000000706000000, 0x0000000706000000| Untracked 
|  44|0x0000000706200000, 0x0000000706200000, 0x0000000706400000|  0%| F|  |TAMS 0x0000000706200000, 0x0000000706200000| Untracked 
|  45|0x0000000706400000, 0x0000000706400000, 0x0000000706600000|  0%| F|  |TAMS 0x0000000706400000, 0x0000000706400000| Untracked 
|  46|0x0000000706600000, 0x0000000706600000, 0x0000000706800000|  0%| F|  |TAMS 0x0000000706600000, 0x0000000706600000| Untracked 
|  47|0x0000000706800000, 0x0000000706800000, 0x0000000706a00000|  0%| F|  |TAMS 0x0000000706800000, 0x0000000706800000| Untracked 
|  48|0x0000000706a00000, 0x0000000706a00000, 0x0000000706c00000|  0%| F|  |TAMS 0x0000000706a00000, 0x0000000706a00000| Untracked 
|  49|0x0000000706c00000, 0x0000000706c00000, 0x0000000706e00000|  0%| F|  |TAMS 0x0000000706c00000, 0x0000000706c00000| Untracked 
|  50|0x0000000706e00000, 0x0000000706e00000, 0x0000000707000000|  0%| F|  |TAMS 0x0000000706e00000, 0x0000000706e00000| Untracked 
|  51|0x0000000707000000, 0x0000000707000000, 0x0000000707200000|  0%| F|  |TAMS 0x0000000707000000, 0x0000000707000000| Untracked 
|  52|0x0000000707200000, 0x0000000707200000, 0x0000000707400000|  0%| F|  |TAMS 0x0000000707200000, 0x0000000707200000| Untracked 
|  53|0x0000000707400000, 0x0000000707400000, 0x0000000707600000|  0%| F|  |TAMS 0x0000000707400000, 0x0000000707400000| Untracked 
|  54|0x0000000707600000, 0x0000000707600000, 0x0000000707800000|  0%| F|  |TAMS 0x0000000707600000, 0x0000000707600000| Untracked 
|  55|0x0000000707800000, 0x0000000707800000, 0x0000000707a00000|  0%| F|  |TAMS 0x0000000707800000, 0x0000000707800000| Untracked 
|  56|0x0000000707a00000, 0x0000000707a00000, 0x0000000707c00000|  0%| F|  |TAMS 0x0000000707a00000, 0x0000000707a00000| Untracked 
|  57|0x0000000707c00000, 0x0000000707c00000, 0x0000000707e00000|  0%| F|  |TAMS 0x0000000707c00000, 0x0000000707c00000| Untracked 
|  58|0x0000000707e00000, 0x0000000707e00000, 0x0000000708000000|  0%| F|  |TAMS 0x0000000707e00000, 0x0000000707e00000| Untracked 
|  59|0x0000000708000000, 0x0000000708000000, 0x0000000708200000|  0%| F|  |TAMS 0x0000000708000000, 0x0000000708000000| Untracked 
|  60|0x0000000708200000, 0x0000000708200000, 0x0000000708400000|  0%| F|  |TAMS 0x0000000708200000, 0x0000000708200000| Untracked 
|  61|0x0000000708400000, 0x0000000708400000, 0x0000000708600000|  0%| F|  |TAMS 0x0000000708400000, 0x0000000708400000| Untracked 
|  62|0x0000000708600000, 0x0000000708600000, 0x0000000708800000|  0%| F|  |TAMS 0x0000000708600000, 0x0000000708600000| Untracked 
|  63|0x0000000708800000, 0x0000000708800000, 0x0000000708a00000|  0%| F|  |TAMS 0x0000000708800000, 0x0000000708800000| Untracked 
|  64|0x0000000708a00000, 0x0000000708a00000, 0x0000000708c00000|  0%| F|  |TAMS 0x0000000708a00000, 0x0000000708a00000| Untracked 
|  65|0x0000000708c00000, 0x0000000708c00000, 0x0000000708e00000|  0%| F|  |TAMS 0x0000000708c00000, 0x0000000708c00000| Untracked 
|  66|0x0000000708e00000, 0x0000000708e00000, 0x0000000709000000|  0%| F|  |TAMS 0x0000000708e00000, 0x0000000708e00000| Untracked 
|  67|0x0000000709000000, 0x0000000709000000, 0x0000000709200000|  0%| F|  |TAMS 0x0000000709000000, 0x0000000709000000| Untracked 
|  68|0x0000000709200000, 0x0000000709200000, 0x0000000709400000|  0%| F|  |TAMS 0x0000000709200000, 0x0000000709200000| Untracked 
|  69|0x0000000709400000, 0x0000000709400000, 0x0000000709600000|  0%| F|  |TAMS 0x0000000709400000, 0x0000000709400000| Untracked 
|  70|0x0000000709600000, 0x0000000709600000, 0x0000000709800000|  0%| F|  |TAMS 0x0000000709600000, 0x0000000709600000| Untracked 
|  71|0x0000000709800000, 0x0000000709800000, 0x0000000709a00000|  0%| F|  |TAMS 0x0000000709800000, 0x0000000709800000| Untracked 
|  72|0x0000000709a00000, 0x0000000709a00000, 0x0000000709c00000|  0%| F|  |TAMS 0x0000000709a00000, 0x0000000709a00000| Untracked 
|  73|0x0000000709c00000, 0x0000000709c00000, 0x0000000709e00000|  0%| F|  |TAMS 0x0000000709c00000, 0x0000000709c00000| Untracked 
|  74|0x0000000709e00000, 0x0000000709e00000, 0x000000070a000000|  0%| F|  |TAMS 0x0000000709e00000, 0x0000000709e00000| Untracked 
|  75|0x000000070a000000, 0x000000070a000000, 0x000000070a200000|  0%| F|  |TAMS 0x000000070a000000, 0x000000070a000000| Untracked 
|  76|0x000000070a200000, 0x000000070a200000, 0x000000070a400000|  0%| F|  |TAMS 0x000000070a200000, 0x000000070a200000| Untracked 
|  77|0x000000070a400000, 0x000000070a400000, 0x000000070a600000|  0%| F|  |TAMS 0x000000070a400000, 0x000000070a400000| Untracked 
|  78|0x000000070a600000, 0x000000070a600000, 0x000000070a800000|  0%| F|  |TAMS 0x000000070a600000, 0x000000070a600000| Untracked 
|  79|0x000000070a800000, 0x000000070a800000, 0x000000070aa00000|  0%| F|  |TAMS 0x000000070a800000, 0x000000070a800000| Untracked 
|  80|0x000000070aa00000, 0x000000070aa00000, 0x000000070ac00000|  0%| F|  |TAMS 0x000000070aa00000, 0x000000070aa00000| Untracked 
|  81|0x000000070ac00000, 0x000000070ac00000, 0x000000070ae00000|  0%| F|  |TAMS 0x000000070ac00000, 0x000000070ac00000| Untracked 
|  82|0x000000070ae00000, 0x000000070ae00000, 0x000000070b000000|  0%| F|  |TAMS 0x000000070ae00000, 0x000000070ae00000| Untracked 
|  83|0x000000070b000000, 0x000000070b000000, 0x000000070b200000|  0%| F|  |TAMS 0x000000070b000000, 0x000000070b000000| Untracked 
|  84|0x000000070b200000, 0x000000070b200000, 0x000000070b400000|  0%| F|  |TAMS 0x000000070b200000, 0x000000070b200000| Untracked 
|  85|0x000000070b400000, 0x000000070b400000, 0x000000070b600000|  0%| F|  |TAMS 0x000000070b400000, 0x000000070b400000| Untracked 
|  86|0x000000070b600000, 0x000000070b600000, 0x000000070b800000|  0%| F|  |TAMS 0x000000070b600000, 0x000000070b600000| Untracked 
|  87|0x000000070b800000, 0x000000070b800000, 0x000000070ba00000|  0%| F|  |TAMS 0x000000070b800000, 0x000000070b800000| Untracked 
|  88|0x000000070ba00000, 0x000000070ba00000, 0x000000070bc00000|  0%| F|  |TAMS 0x000000070ba00000, 0x000000070ba00000| Untracked 
|  89|0x000000070bc00000, 0x000000070bc00000, 0x000000070be00000|  0%| F|  |TAMS 0x000000070bc00000, 0x000000070bc00000| Untracked 
|  90|0x000000070be00000, 0x000000070be00000, 0x000000070c000000|  0%| F|  |TAMS 0x000000070be00000, 0x000000070be00000| Untracked 
|  91|0x000000070c000000, 0x000000070c000000, 0x000000070c200000|  0%| F|  |TAMS 0x000000070c000000, 0x000000070c000000| Untracked 
|  92|0x000000070c200000, 0x000000070c200000, 0x000000070c400000|  0%| F|  |TAMS 0x000000070c200000, 0x000000070c200000| Untracked 
|  93|0x000000070c400000, 0x000000070c400000, 0x000000070c600000|  0%| F|  |TAMS 0x000000070c400000, 0x000000070c400000| Untracked 
|  94|0x000000070c600000, 0x000000070c600000, 0x000000070c800000|  0%| F|  |TAMS 0x000000070c600000, 0x000000070c600000| Untracked 
|  95|0x000000070c800000, 0x000000070c800000, 0x000000070ca00000|  0%| F|  |TAMS 0x000000070c800000, 0x000000070c800000| Untracked 
|  96|0x000000070ca00000, 0x000000070ca00000, 0x000000070cc00000|  0%| F|  |TAMS 0x000000070ca00000, 0x000000070ca00000| Untracked 
|  97|0x000000070cc00000, 0x000000070cc00000, 0x000000070ce00000|  0%| F|  |TAMS 0x000000070cc00000, 0x000000070cc00000| Untracked 
|  98|0x000000070ce00000, 0x000000070ce00000, 0x000000070d000000|  0%| F|  |TAMS 0x000000070ce00000, 0x000000070ce00000| Untracked 
|  99|0x000000070d000000, 0x000000070d000000, 0x000000070d200000|  0%| F|  |TAMS 0x000000070d000000, 0x000000070d000000| Untracked 
| 100|0x000000070d200000, 0x000000070d200000, 0x000000070d400000|  0%| F|  |TAMS 0x000000070d200000, 0x000000070d200000| Untracked 
| 101|0x000000070d400000, 0x000000070d400000, 0x000000070d600000|  0%| F|  |TAMS 0x000000070d400000, 0x000000070d400000| Untracked 
| 102|0x000000070d600000, 0x000000070d600000, 0x000000070d800000|  0%| F|  |TAMS 0x000000070d600000, 0x000000070d600000| Untracked 
| 103|0x000000070d800000, 0x000000070d800000, 0x000000070da00000|  0%| F|  |TAMS 0x000000070d800000, 0x000000070d800000| Untracked 
| 104|0x000000070da00000, 0x000000070da00000, 0x000000070dc00000|  0%| F|  |TAMS 0x000000070da00000, 0x000000070da00000| Untracked 
| 105|0x000000070dc00000, 0x000000070dc00000, 0x000000070de00000|  0%| F|  |TAMS 0x000000070dc00000, 0x000000070dc00000| Untracked 
| 106|0x000000070de00000, 0x000000070de00000, 0x000000070e000000|  0%| F|  |TAMS 0x000000070de00000, 0x000000070de00000| Untracked 
| 107|0x000000070e000000, 0x000000070e000000, 0x000000070e200000|  0%| F|  |TAMS 0x000000070e000000, 0x000000070e000000| Untracked 
| 108|0x000000070e200000, 0x000000070e200000, 0x000000070e400000|  0%| F|  |TAMS 0x000000070e200000, 0x000000070e200000| Untracked 
| 109|0x000000070e400000, 0x000000070e400000, 0x000000070e600000|  0%| F|  |TAMS 0x000000070e400000, 0x000000070e400000| Untracked 
| 110|0x000000070e600000, 0x000000070e600000, 0x000000070e800000|  0%| F|  |TAMS 0x000000070e600000, 0x000000070e600000| Untracked 
| 111|0x000000070e800000, 0x000000070e800000, 0x000000070ea00000|  0%| F|  |TAMS 0x000000070e800000, 0x000000070e800000| Untracked 
| 112|0x000000070ea00000, 0x000000070ea00000, 0x000000070ec00000|  0%| F|  |TAMS 0x000000070ea00000, 0x000000070ea00000| Untracked 
| 113|0x000000070ec00000, 0x000000070ec00000, 0x000000070ee00000|  0%| F|  |TAMS 0x000000070ec00000, 0x000000070ec00000| Untracked 
| 114|0x000000070ee00000, 0x000000070ee00000, 0x000000070f000000|  0%| F|  |TAMS 0x000000070ee00000, 0x000000070ee00000| Untracked 
| 115|0x000000070f000000, 0x000000070f000000, 0x000000070f200000|  0%| F|  |TAMS 0x000000070f000000, 0x000000070f000000| Untracked 
| 116|0x000000070f200000, 0x000000070f200000, 0x000000070f400000|  0%| F|  |TAMS 0x000000070f200000, 0x000000070f200000| Untracked 
| 117|0x000000070f400000, 0x000000070f400000, 0x000000070f600000|  0%| F|  |TAMS 0x000000070f400000, 0x000000070f400000| Untracked 
| 118|0x000000070f600000, 0x000000070f600000, 0x000000070f800000|  0%| F|  |TAMS 0x000000070f600000, 0x000000070f600000| Untracked 
| 119|0x000000070f800000, 0x000000070f800000, 0x000000070fa00000|  0%| F|  |TAMS 0x000000070f800000, 0x000000070f800000| Untracked 
| 120|0x000000070fa00000, 0x000000070fa00000, 0x000000070fc00000|  0%| F|  |TAMS 0x000000070fa00000, 0x000000070fa00000| Untracked 
| 121|0x000000070fc00000, 0x000000070fc00000, 0x000000070fe00000|  0%| F|  |TAMS 0x000000070fc00000, 0x000000070fc00000| Untracked 
| 122|0x000000070fe00000, 0x000000070fe00000, 0x0000000710000000|  0%| F|  |TAMS 0x000000070fe00000, 0x000000070fe00000| Untracked 
| 123|0x0000000710000000, 0x0000000710000800, 0x0000000710200000|  0%| E|  |TAMS 0x0000000710000000, 0x0000000710000000| Complete 
| 124|0x0000000710200000, 0x0000000710400000, 0x0000000710400000|100%| E|CS|TAMS 0x0000000710200000, 0x0000000710200000| Complete 
| 125|0x0000000710400000, 0x0000000710600000, 0x0000000710600000|100%| E|CS|TAMS 0x0000000710400000, 0x0000000710400000| Complete 
| 126|0x0000000710600000, 0x0000000710800000, 0x0000000710800000|100%| E|CS|TAMS 0x0000000710600000, 0x0000000710600000| Complete 
| 127|0x0000000710800000, 0x0000000710a00000, 0x0000000710a00000|100%| E|CS|TAMS 0x0000000710800000, 0x0000000710800000| Complete 

Card table byte_map: [0x000002e5b4330000,0x000002e5b4b30000] _byte_map_base: 0x000002e5b0b2b000

Marking Bits (Prev, Next): (CMBitMap*) 0x000002e59d25e910, (CMBitMap*) 0x000002e59d25e950
 Prev Bits: [0x000002e5b5330000, 0x000002e5b9308000)
 Next Bits: [0x000002e5b9310000, 0x000002e5bd2e8000)

Polling page: 0x000002e59b110000

Metaspace:

Usage:
  Non-class:      6.59 MB used.
      Class:    804.60 KB used.
       Both:      7.38 MB used.

Virtual space:
  Non-class space:       64.00 MB reserved,       6.69 MB ( 10%) committed,  1 nodes.
      Class space:        1.00 GB reserved,     896.00 KB ( <1%) committed,  1 nodes.
             Both:        1.06 GB reserved,       7.56 MB ( <1%) committed. 

Chunk freelists:
   Non-Class:  976.00 KB
       Class:  3.10 MB
        Both:  4.05 MB

MaxMetaspaceSize: unlimited
CompressedClassSpaceSize: 1.00 GB
Initial GC threshold: 21.00 MB
Current GC threshold: 21.00 MB
CDS: on
MetaspaceReclaimPolicy: balanced
 - commit_granule_bytes: 65536.
 - commit_granule_words: 8192.
 - virtual_space_node_default_size: 8388608.
 - enlarge_chunks_in_place: 1.
 - new_chunks_are_fully_committed: 0.
 - uncommit_free_chunks: 1.
 - use_allocation_guard: 0.


Internal statistics:

num_allocs_failed_limit: 0.
num_arena_births: 124.
num_arena_deaths: 0.
num_vsnodes_births: 2.
num_vsnodes_deaths: 0.
num_space_committed: 121.
num_space_uncommitted: 0.
num_chunks_returned_to_freelist: 0.
num_chunks_taken_from_freelist: 183.
num_chunk_merges: 0.
num_chunk_splits: 99.
num_chunks_enlarged: 29.
num_inconsistent_stats: 0.

CodeHeap 'non-profiled nmethods': size=120000Kb used=288Kb max_used=288Kb free=119711Kb
 bounds [0x000002e5ac600000, 0x000002e5ac870000, 0x000002e5b3b30000]
CodeHeap 'profiled nmethods': size=120000Kb used=1317Kb max_used=1317Kb free=118682Kb
 bounds [0x000002e5a50d0000, 0x000002e5a5340000, 0x000002e5ac600000]
CodeHeap 'non-nmethods': size=5760Kb used=1277Kb max_used=1293Kb free=4482Kb
 bounds [0x000002e5a4b30000, 0x000002e5a4da0000, 0x000002e5a50d0000]
 total_blobs=1481 nmethods=887 adapters=507
 compilation: enabled
              stopped_count=0, restarted_count=0
 full_count=0

Compilation events (20 events):
Event: 1.734 Thread 0x000002e5bf81a390  878       3       sun.java2d.pipe.DrawImage::scaleImage (186 bytes)
Event: 1.735 Thread 0x000002e5bf81a390 nmethod 878 0x000002e5a5211f10 code [0x000002e5a5212140, 0x000002e5a5212b88]
Event: 2.000 Thread 0x000002e5bf81a390  879       3       sun.awt.AWTAutoShutdown::notifyToolkitThreadBusy (8 bytes)
Event: 2.000 Thread 0x000002e5bf81a390 nmethod 879 0x000002e5a5212f10 code [0x000002e5a52130c0, 0x000002e5a5213248]
Event: 2.001 Thread 0x000002e5bf81a390  880       3       sun.awt.AWTAutoShutdown::notifyToolkitThreadFree (8 bytes)
Event: 2.001 Thread 0x000002e5bf81a390 nmethod 880 0x000002e5a5213310 code [0x000002e5a52134c0, 0x000002e5a5213648]
Event: 2.017 Thread 0x000002e5bf81a390  881       3       sun.java2d.pipe.RenderQueue::addReference (12 bytes)
Event: 2.017 Thread 0x000002e5bf81a390 nmethod 881 0x000002e5a5213710 code [0x000002e5a52138c0, 0x000002e5a5213aa8]
Event: 2.084 Thread 0x000002e5bf81a390  882   !   3       sun.java2d.SurfaceDataProxy::replaceData (329 bytes)
Event: 2.085 Thread 0x000002e5bf81a390 nmethod 882 0x000002e5a5213b90 code [0x000002e5a5213ec0, 0x000002e5a5215a58]
Event: 2.085 Thread 0x000002e5bf81a390  883       3       sun.java2d.d3d.D3DSurfaceDataProxy::isSupportedOperation (19 bytes)
Event: 2.085 Thread 0x000002e5bf81a390 nmethod 883 0x000002e5a5216310 code [0x000002e5a52164a0, 0x000002e5a5216638]
Event: 2.085 Thread 0x000002e5bf81a390  884       3       sun.java2d.pipe.DrawImage::scaleSurfaceData (79 bytes)
Event: 2.086 Thread 0x000002e5bf81a390 nmethod 884 0x000002e5a5216710 code [0x000002e5a5216900, 0x000002e5a5217148]
Event: 2.086 Thread 0x000002e5bf81a390  885       3       sun.java2d.loops.ScaledBlit::getFromCache (49 bytes)
Event: 2.086 Thread 0x000002e5bf81a390 nmethod 885 0x000002e5a5217490 code [0x000002e5a5217680, 0x000002e5a5217b88]
Event: 2.101 Thread 0x000002e5bf81a390  886   !   3       sun.java2d.pipe.DrawImage::renderImageScale (158 bytes)
Event: 2.102 Thread 0x000002e5bf81a390 nmethod 886 0x000002e5a5217d10 code [0x000002e5a5217f80, 0x000002e5a5218ea8]
Event: 2.134 Thread 0x000002e5bf7b3740  887       4       com.gcstudios.world.Tile::render (27 bytes)
Event: 2.134 Thread 0x000002e5bf7b3740 nmethod 887 0x000002e5ac647f10 code [0x000002e5ac6480a0, 0x000002e5ac648188]

GC Heap History (0 events):
No events

Deoptimization events (12 events):
Event: 0.646 Thread 0x000002e5c491a950 DEOPT PACKING pc=0x000002e5a51bcd1d sp=0x000000fc9fd1f0a0
Event: 0.646 Thread 0x000002e5c491a950 DEOPT UNPACKING pc=0x000002e5a4b82b43 sp=0x000000fc9fd1e5e8 mode 0
Event: 1.233 Thread 0x000002e5c491a950 Uncommon trap: trap_request=0xffffff76 fr.pc=0x000002e5ac637348 relative=0x0000000000000e28
Event: 1.233 Thread 0x000002e5c491a950 Uncommon trap: reason=predicate action=maybe_recompile pc=0x000002e5ac637348 method=sun.java2d.pipe.DrawImage.renderImageCopy(Lsun/java2d/SunGraphics2D;Ljava/awt/Image;Ljava/awt/Color;IIIIII)Z @ 31 c2
Event: 1.233 Thread 0x000002e5c491a950 DEOPT PACKING pc=0x000002e5ac637348 sp=0x000000fc9fd1eeb0
Event: 1.234 Thread 0x000002e5c491a950 DEOPT UNPACKING pc=0x000002e5a4b823a3 sp=0x000000fc9fd1ec68 mode 2
Event: 1.633 Thread 0x000002e5c491a950 Uncommon trap: trap_request=0x0000012f fr.pc=0x000002e5ac62e884 relative=0x00000000000001a4
Event: 1.633 Thread 0x000002e5c491a950 Uncommon trap: reason=unloaded action=reinterpret pc=0x000002e5ac62e884 method=com.gcstudios.main.Game.run()V @ 96 c2
Event: 1.633 Thread 0x000002e5c491a950 DEOPT PACKING pc=0x000002e5ac62e884 sp=0x000000fc9fd1f180
Event: 1.633 Thread 0x000002e5c491a950 DEOPT UNPACKING pc=0x000002e5a4b823a3 sp=0x000000fc9fd1f0f8 mode 2
Event: 1.655 Thread 0x000002e5c491a950 DEOPT PACKING pc=0x000002e5a520e4ad sp=0x000000fc9fd1f0a0
Event: 1.655 Thread 0x000002e5c491a950 DEOPT UNPACKING pc=0x000002e5a4b82b43 sp=0x000000fc9fd1e5e8 mode 0

Classes loaded (20 events):
Event: 0.679 Loading class sun/font/CMap
Event: 0.679 Loading class sun/font/CMap done
Event: 0.679 Loading class sun/font/CMap$NullCMapClass
Event: 0.679 Loading class sun/font/CMap$NullCMapClass done
Event: 0.679 Loading class sun/font/CMap$CMapFormat4
Event: 0.679 Loading class sun/font/CMap$CMapFormat4 done
Event: 0.679 Loading class java/nio/ByteBufferAsCharBufferB
Event: 0.679 Loading class java/nio/ByteBufferAsCharBufferB done
Event: 0.680 Loading class sun/font/FontStrikeDisposer
Event: 0.680 Loading class sun/java2d/Disposer$PollDisposable
Event: 0.680 Loading class sun/java2d/Disposer$PollDisposable done
Event: 0.680 Loading class sun/font/FontStrikeDisposer done
Event: 0.680 Loading class sun/font/StrikeCache$SoftDisposerRef
Event: 0.680 Loading class sun/font/StrikeCache$DisposableStrike
Event: 0.680 Loading class sun/font/StrikeCache$DisposableStrike done
Event: 0.680 Loading class sun/font/StrikeCache$SoftDisposerRef done
Event: 2.209 Loading class java/util/WeakHashMap$KeyIterator
Event: 2.209 Loading class java/util/WeakHashMap$HashIterator
Event: 2.209 Loading class java/util/WeakHashMap$HashIterator done
Event: 2.209 Loading class java/util/WeakHashMap$KeyIterator done

Classes unloaded (0 events):
No events

Classes redefined (0 events):
No events

Internal exceptions (14 events):
Event: 0.101 Thread 0x000002e59b21e8a0 Exception <a 'java/lang/ClassNotFoundException'{0x00000007109408a0}: sun/awt/resources/spi/awtProvider> (0x00000007109408a0) 
thrown [s\open\src\hotspot\share\classfile\systemDictionary.cpp, line 255]
Event: 0.125 Thread 0x000002e59b21e8a0 Exception <a 'java/io/FileNotFoundException'{0x0000000710995d18}> (0x0000000710995d18) 
thrown [s\open\src\hotspot\share\prims\jni.cpp, line 516]
Event: 0.133 Thread 0x000002e59b21e8a0 Exception <a 'java/io/FileNotFoundException'{0x00000007109c2f60}> (0x00000007109c2f60) 
thrown [s\open\src\hotspot\share\prims\jni.cpp, line 516]
Event: 0.176 Thread 0x000002e59b21e8a0 Exception <a 'java/lang/NoSuchMethodError'{0x000000071060f070}: 'java.lang.Object java.lang.invoke.DirectMethodHandle$Holder.invokeStaticInit(java.lang.Object)'> (0x000000071060f070) 
thrown [s\open\src\hotspot\share\interpreter\linkResolver.cpp, line 759]
Event: 0.383 Thread 0x000002e59b21e8a0 Exception <a 'java/lang/NoSuchMethodError'{0x0000000710697620}: 'void java.lang.invoke.DirectMethodHandle$Holder.invokeSpecial(java.lang.Object, java.lang.Object, java.lang.Object)'> (0x0000000710697620) 
thrown [s\open\src\hotspot\share\interpreter\linkResolver.cpp, line 759]
Event: 0.399 Thread 0x000002e59b21e8a0 Exception <a 'java/lang/NoSuchMethodError'{0x00000007106c2988}: 'java.lang.Object java.lang.invoke.DirectMethodHandle$Holder.newInvokeSpecial(java.lang.Object, java.lang.Object, java.lang.Object, java.lang.Object, java.lang.Object)'> (0x00000007106c2988) 
thrown [s\open\src\hotspot\share\interpreter\linkResolver.cpp, line 759]
Event: 0.408 Thread 0x000002e59b21e8a0 Exception <a 'java/lang/NoSuchMethodError'{0x00000007106f43f8}: 'java.lang.Object java.lang.invoke.DirectMethodHandle$Holder.invokeStatic(java.lang.Object, int, java.lang.Object)'> (0x00000007106f43f8) 
thrown [s\open\src\hotspot\share\interpreter\linkResolver.cpp, line 759]
Event: 0.435 Thread 0x000002e59b21e8a0 Exception <a 'java/lang/ClassNotFoundException'{0x00000007107b1330}: com/sun/swing/internal/plaf/metal/resources/spi/metalProvider> (0x00000007107b1330) 
thrown [s\open\src\hotspot\share\classfile\systemDictionary.cpp, line 255]
Event: 0.436 Thread 0x000002e59b21e8a0 Exception <a 'java/lang/ClassNotFoundException'{0x00000007107b5398}: com/sun/swing/internal/plaf/basic/resources/spi/basicProvider> (0x00000007107b5398) 
thrown [s\open\src\hotspot\share\classfile\systemDictionary.cpp, line 255]
Event: 0.445 Thread 0x000002e59b21e8a0 Exception <a 'java/lang/NoSuchMethodError'{0x00000007107d59a0}: 'int java.lang.invoke.Invokers$Holder.invokeExact_MT(java.lang.Object, java.lang.Object)'> (0x00000007107d59a0) 
thrown [s\open\src\hotspot\share\interpreter\linkResolver.cpp, line 759]
Event: 0.451 Thread 0x000002e5c3ef5d70 Exception <a 'java/lang/NoSuchMethodError'{0x000000071064d738}: 'void java.lang.invoke.DirectMethodHandle$Holder.invokeVirtual(java.lang.Object, java.lang.Object)'> (0x000000071064d738) 
thrown [s\open\src\hotspot\share\interpreter\linkResolver.cpp, line 759]
Event: 0.467 Thread 0x000002e59b21e8a0 Exception <a 'java/lang/NoSuchMethodError'{0x0000000710410390}: 'void java.lang.invoke.DirectMethodHandle$Holder.invokeStaticInit(java.lang.Object)'> (0x0000000710410390) 
thrown [s\open\src\hotspot\share\interpreter\linkResolver.cpp, line 759]
Event: 0.556 Thread 0x000002e59b21e8a0 Exception <a 'java/lang/NoSuchMethodError'{0x000000071052bdf8}: 'java.lang.Object java.lang.invoke.DirectMethodHandle$Holder.invokeStaticInit(java.lang.Object, int, int, int, int)'> (0x000000071052bdf8) 
thrown [s\open\src\hotspot\share\interpreter\linkResolver.cpp, line 759]
Event: 0.607 Thread 0x000002e59b21e8a0 Exception <a 'java/lang/NoSuchMethodError'{0x0000000710558088}: 'java.lang.Object java.lang.invoke.DirectMethodHandle$Holder.invokeStaticInit(java.lang.Object, java.lang.Object, int, int, int, int)'> (0x0000000710558088) 
thrown [s\open\src\hotspot\share\interpreter\linkResolver.cpp, line 759]

VM Operations (16 events):
Event: 0.435 Executing VM operation: HandshakeAllThreads
Event: 0.435 Executing VM operation: HandshakeAllThreads done
Event: 0.457 Executing VM operation: HandshakeAllThreads
Event: 0.457 Executing VM operation: HandshakeAllThreads done
Event: 0.522 Executing VM operation: HandshakeAllThreads
Event: 0.522 Executing VM operation: HandshakeAllThreads done
Event: 0.540 Executing VM operation: HandshakeAllThreads
Event: 0.540 Executing VM operation: HandshakeAllThreads done
Event: 0.540 Executing VM operation: HandshakeAllThreads
Event: 0.540 Executing VM operation: HandshakeAllThreads done
Event: 0.571 Executing VM operation: HandshakeAllThreads
Event: 0.571 Executing VM operation: HandshakeAllThreads done
Event: 0.674 Executing VM operation: HandshakeAllThreads
Event: 0.674 Executing VM operation: HandshakeAllThreads done
Event: 1.678 Executing VM operation: Cleanup
Event: 1.678 Executing VM operation: Cleanup done

Events (20 events):
Event: 0.112 Loaded shared library C:\Program Files\Java\jdk-18.0.2\bin\awt.dll
Event: 0.177 Thread 0x000002e5c3ee7ae0 Thread added: 0x000002e5c3ee7ae0
Event: 0.177 Thread 0x000002e5c3eeaa60 Thread added: 0x000002e5c3eeaa60
Event: 0.179 Thread 0x000002e5c3ef5d70 Thread added: 0x000002e5c3ef5d70
Event: 0.453 Thread 0x000002e5c480a450 Thread added: 0x000002e5c480a450
Event: 0.472 Loaded shared library C:\Program Files\Java\jdk-18.0.2\bin\freetype.dll
Event: 0.473 Loaded shared library C:\Program Files\Java\jdk-18.0.2\bin\fontmanager.dll
Event: 0.512 Thread 0x000002e5c4829a00 Thread added: 0x000002e5c4829a00
Event: 0.569 Loaded shared library C:\Program Files\Java\jdk-18.0.2\bin\net.dll
Event: 0.603 Loaded shared library C:\Program Files\Java\jdk-18.0.2\bin\nio.dll
Event: 0.620 Loaded shared library C:\Program Files\Java\jdk-18.0.2\bin\zip.dll
Event: 0.633 Thread 0x000002e5c491a950 Thread added: 0x000002e5c491a950
Event: 0.633 Thread 0x000002e59b21e8a0 Thread exited: 0x000002e59b21e8a0
Event: 0.633 Thread 0x000002e59b21e8a0 Thread added: 0x000002e59b21e8a0
Event: 2.207 Thread 0x000002e5cc206010 Thread added: 0x000002e5cc206010
Event: 2.208 Thread 0x000002e5c4a18b80 Thread added: 0x000002e5c4a18b80
Event: 2.208 Thread 0x000002e5c4a16030 Thread added: 0x000002e5c4a16030
Event: 2.208 Thread 0x000002e5c4a16030 Thread exited: 0x000002e5c4a16030
Event: 2.209 Thread 0x000002e5c4a18b80 Thread exited: 0x000002e5c4a18b80
Event: 2.217 Thread 0x000002e5c4829a00 Thread exited: 0x000002e5c4829a00


Dynamic libraries:
0x00007ff60d130000 - 0x00007ff60d140000 	C:\Program Files\Java\jdk-18.0.2\bin\javaw.exe
0x00007ffcf8250000 - 0x00007ffcf8448000 	C:\WINDOWS\SYSTEM32\ntdll.dll
0x00007ffcf79b0000 - 0x00007ffcf7a6d000 	C:\WINDOWS\System32\KERNEL32.DLL
0x00007ffcf5f20000 - 0x00007ffcf61ee000 	C:\WINDOWS\System32\KERNELBASE.dll
0x00007ffcf5df0000 - 0x00007ffcf5ef0000 	C:\WINDOWS\System32\ucrtbase.dll
0x00007ffcf0c10000 - 0x00007ffcf0c28000 	C:\Program Files\Java\jdk-18.0.2\bin\jli.dll
0x00007ffcf7900000 - 0x00007ffcf79ae000 	C:\WINDOWS\System32\ADVAPI32.dll
0x00007ffcf62b0000 - 0x00007ffcf634e000 	C:\WINDOWS\System32\msvcrt.dll
0x00007ffcf6500000 - 0x00007ffcf659c000 	C:\WINDOWS\System32\sechost.dll
0x00007ffcf76b0000 - 0x00007ffcf77d5000 	C:\WINDOWS\System32\RPCRT4.dll
0x00007ffcf65a0000 - 0x00007ffcf6740000 	C:\WINDOWS\System32\USER32.dll
0x00007ffcf61f0000 - 0x00007ffcf6212000 	C:\WINDOWS\System32\win32u.dll
0x00007ffcf77e0000 - 0x00007ffcf780a000 	C:\WINDOWS\System32\GDI32.dll
0x00007ffce3280000 - 0x00007ffce351a000 	C:\WINDOWS\WinSxS\amd64_microsoft.windows.common-controls_6595b64144ccf1df_6.0.19041.1110_none_60b5254171f9507e\COMCTL32.dll
0x00007ffcf5b80000 - 0x00007ffcf5c8b000 	C:\WINDOWS\System32\gdi32full.dll
0x00007ffcf59c0000 - 0x00007ffcf5a5d000 	C:\WINDOWS\System32\msvcp_win.dll
0x00007ffcef490000 - 0x00007ffcef49a000 	C:\WINDOWS\SYSTEM32\VERSION.dll
0x00007ffcecc50000 - 0x00007ffcecc6a000 	C:\Program Files\Java\jdk-18.0.2\bin\VCRUNTIME140.dll
0x00007ffcf81d0000 - 0x00007ffcf8200000 	C:\WINDOWS\System32\IMM32.DLL
0x00007ffcf1650000 - 0x00007ffcf165c000 	C:\Program Files\Java\jdk-18.0.2\bin\vcruntime140_1.dll
0x00007ffcebee0000 - 0x00007ffcebf6d000 	C:\Program Files\Java\jdk-18.0.2\bin\msvcp140.dll
0x00007ffcc8020000 - 0x00007ffcc8c31000 	C:\Program Files\Java\jdk-18.0.2\bin\server\jvm.dll
0x00007ffcf7570000 - 0x00007ffcf7578000 	C:\WINDOWS\System32\PSAPI.DLL
0x00007ffcecfa0000 - 0x00007ffcecfa9000 	C:\WINDOWS\SYSTEM32\WSOCK32.dll
0x00007ffceca40000 - 0x00007ffceca67000 	C:\WINDOWS\SYSTEM32\WINMM.dll
0x00007ffcf6740000 - 0x00007ffcf67ab000 	C:\WINDOWS\System32\WS2_32.dll
0x00007ffcf37a0000 - 0x00007ffcf37b2000 	C:\WINDOWS\SYSTEM32\kernel.appcore.dll
0x00007ffcecb80000 - 0x00007ffcecb8a000 	C:\Program Files\Java\jdk-18.0.2\bin\jimage.dll
0x00007ffcea510000 - 0x00007ffcea6f4000 	C:\WINDOWS\SYSTEM32\DBGHELP.DLL
0x00007ffcde5b0000 - 0x00007ffcde5dc000 	C:\WINDOWS\SYSTEM32\dbgcore.DLL
0x00007ffcf6220000 - 0x00007ffcf62a2000 	C:\WINDOWS\System32\bcryptPrimitives.dll
0x00007ffcebeb0000 - 0x00007ffcebed5000 	C:\Program Files\Java\jdk-18.0.2\bin\java.dll
0x00007ffceb6b0000 - 0x00007ffceb786000 	C:\Program Files\Java\jdk-18.0.2\bin\jsvml.dll
0x00007ffcf6d70000 - 0x00007ffcf74b3000 	C:\WINDOWS\System32\SHELL32.dll
0x00007ffcf3a80000 - 0x00007ffcf4215000 	C:\WINDOWS\SYSTEM32\windows.storage.dll
0x00007ffcf7e10000 - 0x00007ffcf8164000 	C:\WINDOWS\System32\combase.dll
0x00007ffcf53d0000 - 0x00007ffcf5400000 	C:\WINDOWS\SYSTEM32\Wldp.dll
0x00007ffcf74c0000 - 0x00007ffcf756d000 	C:\WINDOWS\System32\SHCORE.dll
0x00007ffcf6890000 - 0x00007ffcf68e5000 	C:\WINDOWS\System32\shlwapi.dll
0x00007ffcf58b0000 - 0x00007ffcf58cf000 	C:\WINDOWS\SYSTEM32\profapi.dll
0x00007ffcd34a0000 - 0x00007ffcd362f000 	C:\Program Files\Java\jdk-18.0.2\bin\awt.dll
0x00007ffcf75e0000 - 0x00007ffcf76ad000 	C:\WINDOWS\System32\OLEAUT32.dll
0x00007ffcf31c0000 - 0x00007ffcf3250000 	C:\WINDOWS\SYSTEM32\apphelp.dll
0x00007ffcf3770000 - 0x00007ffcf379f000 	C:\WINDOWS\system32\DWMAPI.DLL
0x00007ffcf33a0000 - 0x00007ffcf343e000 	C:\WINDOWS\system32\uxtheme.dll
0x00007ffcd3280000 - 0x00007ffcd33a7000 	C:\WINDOWS\system32\opengl32.dll
0x00007ffcf2ef0000 - 0x00007ffcf2f1c000 	C:\WINDOWS\SYSTEM32\GLU32.dll
0x00007ffcf7cd0000 - 0x00007ffcf7de5000 	C:\WINDOWS\System32\MSCTF.dll
0x00007ffcf7a70000 - 0x00007ffcf7b9a000 	C:\WINDOWS\System32\ole32.dll
0x00007ffcf5560000 - 0x00007ffcf5572000 	C:\WINDOWS\SYSTEM32\msasn1.dll
0x00007ffcef430000 - 0x00007ffcef461000 	C:\WINDOWS\SYSTEM32\cryptnet.dll
0x00007ffcf5c90000 - 0x00007ffcf5de6000 	C:\WINDOWS\System32\CRYPT32.dll
0x00007ffcef120000 - 0x00007ffcef268000 	C:\WINDOWS\SYSTEM32\drvstore.dll
0x00007ffcf5720000 - 0x00007ffcf574c000 	C:\WINDOWS\SYSTEM32\devobj.dll
0x00007ffcf5970000 - 0x00007ffcf59be000 	C:\WINDOWS\System32\cfgmgr32.dll
0x00007ffcf5320000 - 0x00007ffcf532c000 	C:\WINDOWS\SYSTEM32\cryptbase.dll
0x00007ffcf5a60000 - 0x00007ffcf5ac9000 	C:\WINDOWS\System32\WINTRUST.DLL
0x00007ffcf7df0000 - 0x00007ffcf7e0d000 	C:\WINDOWS\System32\imagehlp.dll
0x00007ffcf5330000 - 0x00007ffcf5348000 	C:\WINDOWS\SYSTEM32\CRYPTSP.dll
0x00007ffcf4a40000 - 0x00007ffcf4a74000 	C:\WINDOWS\system32\rsaenh.dll
0x00007ffcf5ef0000 - 0x00007ffcf5f17000 	C:\WINDOWS\System32\bcrypt.dll
0x00007ffcbaf40000 - 0x00007ffcbb207000 	C:\WINDOWS\system32\nvspcap64.dll
0x00007ffcf4670000 - 0x00007ffcf46a3000 	C:\WINDOWS\SYSTEM32\ntmarta.dll
0x00007ffcf4230000 - 0x00007ffcf4253000 	C:\WINDOWS\SYSTEM32\gpapi.dll
0x00007ffcedff0000 - 0x00007ffcee02b000 	C:\WINDOWS\SYSTEM32\dxcore.dll
0x00007ffcd44b0000 - 0x00007ffcd4536000 	C:\Program Files\Java\jdk-18.0.2\bin\freetype.dll
0x00007ffcd33f0000 - 0x00007ffcd3498000 	C:\Program Files\Java\jdk-18.0.2\bin\fontmanager.dll
0x00007ffcea290000 - 0x00007ffcea389000 	C:\WINDOWS\SYSTEM32\textinputframework.dll
0x00007ffcf27d0000 - 0x00007ffcf2b2e000 	C:\WINDOWS\System32\CoreUIComponents.dll
0x00007ffcf2f90000 - 0x00007ffcf3082000 	C:\WINDOWS\System32\CoreMessaging.dll
0x00007ffcf17f0000 - 0x00007ffcf1944000 	C:\WINDOWS\SYSTEM32\wintypes.dll
0x00007ffcf5870000 - 0x00007ffcf589e000 	C:\WINDOWS\SYSTEM32\USERENV.dll
0x00007ffcecb60000 - 0x00007ffcecb73000 	C:\Program Files\Java\jdk-18.0.2\bin\net.dll
0x00007ffcee840000 - 0x00007ffcee94a000 	C:\WINDOWS\SYSTEM32\WINHTTP.dll
0x00007ffcf5130000 - 0x00007ffcf519a000 	C:\WINDOWS\system32\mswsock.dll
0x00007ffcf4dd0000 - 0x00007ffcf4e0b000 	C:\WINDOWS\SYSTEM32\IPHLPAPI.DLL
0x00007ffcf6d60000 - 0x00007ffcf6d68000 	C:\WINDOWS\System32\NSI.dll
0x00007ffcefb80000 - 0x00007ffcefb97000 	C:\WINDOWS\SYSTEM32\dhcpcsvc6.DLL
0x00007ffcefb00000 - 0x00007ffcefb1d000 	C:\WINDOWS\SYSTEM32\dhcpcsvc.DLL
0x00007ffcf4e10000 - 0x00007ffcf4eda000 	C:\WINDOWS\SYSTEM32\DNSAPI.dll
0x00007ffcebe90000 - 0x00007ffcebea6000 	C:\Program Files\Java\jdk-18.0.2\bin\nio.dll
0x00007ffceb690000 - 0x00007ffceb6a8000 	C:\Program Files\Java\jdk-18.0.2\bin\zip.dll

dbghelp: loaded successfully - version: 4.0.5 - missing functions: none
symbol engine: initialized successfully - sym options: 0x614 - pdb path: .;C:\Program Files\Java\jdk-18.0.2\bin;C:\WINDOWS\SYSTEM32;C:\WINDOWS\WinSxS\amd64_microsoft.windows.common-controls_6595b64144ccf1df_6.0.19041.1110_none_60b5254171f9507e;C:\Program Files\Java\jdk-18.0.2\bin\server;C:\WINDOWS\System32\DriverStore\FileRepository\nv_dispsi.inf_amd64_26d6020974e1977c

VM Arguments:
jvm_args: -Dfile.encoding=UTF-8 -XX:+ShowCodeDetailsInExceptionMessages 
java_command: com.gcstudios.main.Game
java_class_path (initial): C:\Users\User\eclipse-workspace\MinecraftEdit\bin
Launcher Type: SUN_STANDARD

[Global flags]
     intx CICompilerCount                          = 3                                         {product} {ergonomic}
     uint ConcGCThreads                            = 1                                         {product} {ergonomic}
     uint G1ConcRefinementThreads                  = 4                                         {product} {ergonomic}
   size_t G1HeapRegionSize                         = 2097152                                   {product} {ergonomic}
    uintx GCDrainStackTargetSize                   = 64                                        {product} {ergonomic}
   size_t InitialHeapSize                          = 268435456                                 {product} {ergonomic}
   size_t MarkStackSize                            = 4194304                                   {product} {ergonomic}
   size_t MaxHeapSize                              = 4284481536                                {product} {ergonomic}
   size_t MaxNewSize                               = 2569011200                                {product} {ergonomic}
   size_t MinHeapDeltaBytes                        = 2097152                                   {product} {ergonomic}
   size_t MinHeapSize                              = 8388608                                   {product} {ergonomic}
    uintx NonNMethodCodeHeapSize                   = 5832780                                {pd product} {ergonomic}
    uintx NonProfiledCodeHeapSize                  = 122912730                              {pd product} {ergonomic}
    uintx ProfiledCodeHeapSize                     = 122912730                              {pd product} {ergonomic}
    uintx ReservedCodeCacheSize                    = 251658240                              {pd product} {ergonomic}
     bool SegmentedCodeCache                       = true                                      {product} {ergonomic}
     bool ShowCodeDetailsInExceptionMessages       = true                                   {manageable} {command line}
   size_t SoftMaxHeapSize                          = 4284481536                             {manageable} {ergonomic}
     bool UseCompressedClassPointers               = true                           {product lp64_product} {ergonomic}
     bool UseCompressedOops                        = true                           {product lp64_product} {ergonomic}
     bool UseG1GC                                  = true                                      {product} {ergonomic}
     bool UseLargePagesIndividualAllocation        = false                                  {pd product} {ergonomic}

Logging:
Log output configuration:
 #0: stdout all=warning uptime,level,tags foldmultilines=false
 #1: stderr all=off uptime,level,tags foldmultilines=false

Environment Variables:
PATH=C:\Program Files\Common Files\Oracle\Java\javapath;C:\Program Files (x86)\Common Files\Oracle\Java\javapath;C:\WINDOWS\system32;C:\WINDOWS;C:\WINDOWS\System32\Wbem;C:\WINDOWS\System32\WindowsPowerShell\v1.0\;C:\WINDOWS\System32\OpenSSH\;C:\Program Files\NVIDIA Corporation\NVIDIA NvDLISR;C:\Program Files (x86)\NVIDIA Corporation\PhysX\Common;C:\Program Files\Git\cmd;C:\Users\User\AppData\Local\Microsoft\WindowsApps
USERNAME=User
OS=Windows_NT
PROCESSOR_IDENTIFIER=Intel64 Family 6 Model 42 Stepping 7, GenuineIntel



---------------  S Y S T E M  ---------------

OS:
 Windows 10 , 64 bit Build 19041 (10.0.19041.1889)
OS uptime: 3 days 4:05 hours

CPU: total 4 (initial active 4) (4 cores per cpu, 1 threads per core) family 6 model 42 stepping 7 microcode 0x2f, cx8, cmov, fxsr, mmx, sse, sse2, sse3, ssse3, sse4.1, sse4.2, popcnt, tsc, tscinvbit, avx, aes, clmul, vzeroupper, clflush

Memory: 4k page, system-wide physical 16339M (11884M free)
TotalPageFile size 18771M (AvailPageFile size 12603M)
current process WorkingSet (physical memory assigned to process): 67M, peak: 78M
current process commit charge ("private bytes"): 367M, peak: 377M

vm_info: Java HotSpot(TM) 64-Bit Server VM (18.0.2+9-61) for windows-amd64 JRE (18.0.2+9-61), built on Jun  7 2022 13:09:01 by "mach5one" with MS VC++ 16.8 / 16.9 (VS2019)

END.
